{"C:\\Users\\coelh\\Documents\\Dev\\iClubs-Planning-Poker\\planning-poker-backend\\app\\src\\business\\ChangeTaskVotingStatus.ts":{"path":"C:\\Users\\coelh\\Documents\\Dev\\iClubs-Planning-Poker\\planning-poker-backend\\app\\src\\business\\ChangeTaskVotingStatus.ts","statementMap":{"0":{"start":{"line":2,"column":16},"end":{"line":10,"column":1}},"1":{"start":{"line":3,"column":28},"end":{"line":3,"column":110}},"2":{"start":{"line":3,"column":91},"end":{"line":3,"column":106}},"3":{"start":{"line":4,"column":4},"end":{"line":9,"column":7}},"4":{"start":{"line":5,"column":36},"end":{"line":5,"column":97}},"5":{"start":{"line":5,"column":42},"end":{"line":5,"column":70}},"6":{"start":{"line":5,"column":85},"end":{"line":5,"column":95}},"7":{"start":{"line":6,"column":35},"end":{"line":6,"column":100}},"8":{"start":{"line":6,"column":41},"end":{"line":6,"column":73}},"9":{"start":{"line":6,"column":88},"end":{"line":6,"column":98}},"10":{"start":{"line":7,"column":32},"end":{"line":7,"column":116}},"11":{"start":{"line":8,"column":8},"end":{"line":8,"column":78}},"12":{"start":{"line":11,"column":18},"end":{"line":37,"column":1}},"13":{"start":{"line":12,"column":12},"end":{"line":12,"column":104}},"14":{"start":{"line":12,"column":43},"end":{"line":12,"column":68}},"15":{"start":{"line":12,"column":57},"end":{"line":12,"column":68}},"16":{"start":{"line":12,"column":69},"end":{"line":12,"column":81}},"17":{"start":{"line":13,"column":4},"end":{"line":13,"column":157}},"18":{"start":{"line":13,"column":138},"end":{"line":13,"column":150}},"19":{"start":{"line":14,"column":23},"end":{"line":14,"column":68}},"20":{"start":{"line":14,"column":45},"end":{"line":14,"column":65}},"21":{"start":{"line":16,"column":8},"end":{"line":16,"column":70}},"22":{"start":{"line":16,"column":15},"end":{"line":16,"column":70}},"23":{"start":{"line":17,"column":8},"end":{"line":34,"column":66}},"24":{"start":{"line":17,"column":18},"end":{"line":34,"column":66}},"25":{"start":{"line":18,"column":12},"end":{"line":18,"column":169}},"26":{"start":{"line":18,"column":160},"end":{"line":18,"column":169}},"27":{"start":{"line":19,"column":12},"end":{"line":19,"column":52}},"28":{"start":{"line":19,"column":26},"end":{"line":19,"column":52}},"29":{"start":{"line":20,"column":12},"end":{"line":32,"column":13}},"30":{"start":{"line":21,"column":32},"end":{"line":21,"column":39}},"31":{"start":{"line":21,"column":40},"end":{"line":21,"column":46}},"32":{"start":{"line":22,"column":24},"end":{"line":22,"column":34}},"33":{"start":{"line":22,"column":35},"end":{"line":22,"column":72}},"34":{"start":{"line":23,"column":24},"end":{"line":23,"column":34}},"35":{"start":{"line":23,"column":35},"end":{"line":23,"column":45}},"36":{"start":{"line":23,"column":46},"end":{"line":23,"column":55}},"37":{"start":{"line":23,"column":56},"end":{"line":23,"column":65}},"38":{"start":{"line":24,"column":24},"end":{"line":24,"column":41}},"39":{"start":{"line":24,"column":42},"end":{"line":24,"column":55}},"40":{"start":{"line":24,"column":56},"end":{"line":24,"column":65}},"41":{"start":{"line":26,"column":20},"end":{"line":26,"column":128}},"42":{"start":{"line":26,"column":110},"end":{"line":26,"column":116}},"43":{"start":{"line":26,"column":117},"end":{"line":26,"column":126}},"44":{"start":{"line":27,"column":20},"end":{"line":27,"column":106}},"45":{"start":{"line":27,"column":81},"end":{"line":27,"column":97}},"46":{"start":{"line":27,"column":98},"end":{"line":27,"column":104}},"47":{"start":{"line":28,"column":20},"end":{"line":28,"column":89}},"48":{"start":{"line":28,"column":57},"end":{"line":28,"column":72}},"49":{"start":{"line":28,"column":73},"end":{"line":28,"column":80}},"50":{"start":{"line":28,"column":81},"end":{"line":28,"column":87}},"51":{"start":{"line":29,"column":20},"end":{"line":29,"column":87}},"52":{"start":{"line":29,"column":47},"end":{"line":29,"column":62}},"53":{"start":{"line":29,"column":63},"end":{"line":29,"column":78}},"54":{"start":{"line":29,"column":79},"end":{"line":29,"column":85}},"55":{"start":{"line":30,"column":20},"end":{"line":30,"column":42}},"56":{"start":{"line":30,"column":30},"end":{"line":30,"column":42}},"57":{"start":{"line":31,"column":20},"end":{"line":31,"column":33}},"58":{"start":{"line":31,"column":34},"end":{"line":31,"column":43}},"59":{"start":{"line":33,"column":12},"end":{"line":33,"column":39}},"60":{"start":{"line":34,"column":22},"end":{"line":34,"column":34}},"61":{"start":{"line":34,"column":35},"end":{"line":34,"column":41}},"62":{"start":{"line":34,"column":54},"end":{"line":34,"column":64}},"63":{"start":{"line":35,"column":8},"end":{"line":35,"column":35}},"64":{"start":{"line":35,"column":23},"end":{"line":35,"column":35}},"65":{"start":{"line":35,"column":36},"end":{"line":35,"column":89}},"66":{"start":{"line":38,"column":0},"end":{"line":38,"column":62}},"67":{"start":{"line":39,"column":0},"end":{"line":39,"column":36}},"68":{"start":{"line":40,"column":25},"end":{"line":59,"column":5}},"69":{"start":{"line":40,"column":60},"end":{"line":59,"column":3}},"70":{"start":{"line":42,"column":4},"end":{"line":58,"column":7}},"71":{"start":{"line":43,"column":8},"end":{"line":57,"column":9}},"72":{"start":{"line":45,"column":16},"end":{"line":45,"column":63}},"73":{"start":{"line":46,"column":16},"end":{"line":46,"column":57}},"74":{"start":{"line":47,"column":16},"end":{"line":47,"column":87}},"75":{"start":{"line":49,"column":16},"end":{"line":49,"column":35}},"76":{"start":{"line":50,"column":16},"end":{"line":50,"column":49}},"77":{"start":{"line":51,"column":16},"end":{"line":51,"column":59}},"78":{"start":{"line":52,"column":16},"end":{"line":52,"column":62}},"79":{"start":{"line":54,"column":16},"end":{"line":54,"column":33}},"80":{"start":{"line":55,"column":16},"end":{"line":55,"column":49}},"81":{"start":{"line":56,"column":16},"end":{"line":56,"column":44}},"82":{"start":{"line":60,"column":0},"end":{"line":60,"column":48}},"83":{"start":{"line":61,"column":32},"end":{"line":74,"column":5}},"84":{"start":{"line":61,"column":67},"end":{"line":74,"column":3}},"85":{"start":{"line":63,"column":4},"end":{"line":73,"column":7}},"86":{"start":{"line":64,"column":8},"end":{"line":64,"column":66}},"87":{"start":{"line":65,"column":8},"end":{"line":72,"column":15}}},"fnMap":{"0":{"name":"(anonymous_0)","decl":{"start":{"line":2,"column":44},"end":{"line":2,"column":45}},"loc":{"start":{"line":2,"column":89},"end":{"line":10,"column":1}},"line":2},"1":{"name":"adopt","decl":{"start":{"line":3,"column":13},"end":{"line":3,"column":18}},"loc":{"start":{"line":3,"column":26},"end":{"line":3,"column":112}},"line":3},"2":{"name":"(anonymous_2)","decl":{"start":{"line":3,"column":70},"end":{"line":3,"column":71}},"loc":{"start":{"line":3,"column":89},"end":{"line":3,"column":108}},"line":3},"3":{"name":"(anonymous_3)","decl":{"start":{"line":4,"column":36},"end":{"line":4,"column":37}},"loc":{"start":{"line":4,"column":63},"end":{"line":9,"column":5}},"line":4},"4":{"name":"fulfilled","decl":{"start":{"line":5,"column":17},"end":{"line":5,"column":26}},"loc":{"start":{"line":5,"column":34},"end":{"line":5,"column":99}},"line":5},"5":{"name":"rejected","decl":{"start":{"line":6,"column":17},"end":{"line":6,"column":25}},"loc":{"start":{"line":6,"column":33},"end":{"line":6,"column":102}},"line":6},"6":{"name":"step","decl":{"start":{"line":7,"column":17},"end":{"line":7,"column":21}},"loc":{"start":{"line":7,"column":30},"end":{"line":7,"column":118}},"line":7},"7":{"name":"(anonymous_7)","decl":{"start":{"line":11,"column":48},"end":{"line":11,"column":49}},"loc":{"start":{"line":11,"column":73},"end":{"line":37,"column":1}},"line":11},"8":{"name":"(anonymous_8)","decl":{"start":{"line":12,"column":30},"end":{"line":12,"column":31}},"loc":{"start":{"line":12,"column":41},"end":{"line":12,"column":83}},"line":12},"9":{"name":"(anonymous_9)","decl":{"start":{"line":13,"column":125},"end":{"line":13,"column":126}},"loc":{"start":{"line":13,"column":136},"end":{"line":13,"column":152}},"line":13},"10":{"name":"verb","decl":{"start":{"line":14,"column":13},"end":{"line":14,"column":17}},"loc":{"start":{"line":14,"column":21},"end":{"line":14,"column":70}},"line":14},"11":{"name":"(anonymous_11)","decl":{"start":{"line":14,"column":30},"end":{"line":14,"column":31}},"loc":{"start":{"line":14,"column":43},"end":{"line":14,"column":67}},"line":14},"12":{"name":"step","decl":{"start":{"line":15,"column":13},"end":{"line":15,"column":17}},"loc":{"start":{"line":15,"column":22},"end":{"line":36,"column":5}},"line":15},"13":{"name":"(anonymous_13)","decl":{"start":{"line":40,"column":25},"end":{"line":40,"column":26}},"loc":{"start":{"line":40,"column":58},"end":{"line":59,"column":5}},"line":40},"14":{"name":"(anonymous_14)","decl":{"start":{"line":40,"column":101},"end":{"line":40,"column":102}},"loc":{"start":{"line":40,"column":113},"end":{"line":59,"column":1}},"line":40},"15":{"name":"(anonymous_15)","decl":{"start":{"line":42,"column":29},"end":{"line":42,"column":30}},"loc":{"start":{"line":42,"column":43},"end":{"line":58,"column":5}},"line":42},"16":{"name":"(anonymous_16)","decl":{"start":{"line":61,"column":32},"end":{"line":61,"column":33}},"loc":{"start":{"line":61,"column":65},"end":{"line":74,"column":5}},"line":61},"17":{"name":"(anonymous_17)","decl":{"start":{"line":61,"column":108},"end":{"line":61,"column":109}},"loc":{"start":{"line":61,"column":120},"end":{"line":74,"column":1}},"line":61},"18":{"name":"(anonymous_18)","decl":{"start":{"line":63,"column":29},"end":{"line":63,"column":30}},"loc":{"start":{"line":63,"column":43},"end":{"line":73,"column":5}},"line":63}},"branchMap":{"0":{"loc":{"start":{"line":2,"column":16},"end":{"line":10,"column":1}},"type":"binary-expr","locations":[{"start":{"line":2,"column":17},"end":{"line":2,"column":21}},{"start":{"line":2,"column":25},"end":{"line":2,"column":39}},{"start":{"line":2,"column":44},"end":{"line":10,"column":1}}],"line":2},"1":{"loc":{"start":{"line":3,"column":35},"end":{"line":3,"column":109}},"type":"cond-expr","locations":[{"start":{"line":3,"column":56},"end":{"line":3,"column":61}},{"start":{"line":3,"column":64},"end":{"line":3,"column":109}}],"line":3},"2":{"loc":{"start":{"line":4,"column":16},"end":{"line":4,"column":34}},"type":"binary-expr","locations":[{"start":{"line":4,"column":16},"end":{"line":4,"column":17}},{"start":{"line":4,"column":22},"end":{"line":4,"column":33}}],"line":4},"3":{"loc":{"start":{"line":7,"column":32},"end":{"line":7,"column":115}},"type":"cond-expr","locations":[{"start":{"line":7,"column":46},"end":{"line":7,"column":67}},{"start":{"line":7,"column":70},"end":{"line":7,"column":115}}],"line":7},"4":{"loc":{"start":{"line":8,"column":51},"end":{"line":8,"column":67}},"type":"binary-expr","locations":[{"start":{"line":8,"column":51},"end":{"line":8,"column":61}},{"start":{"line":8,"column":65},"end":{"line":8,"column":67}}],"line":8},"5":{"loc":{"start":{"line":11,"column":18},"end":{"line":37,"column":1}},"type":"binary-expr","locations":[{"start":{"line":11,"column":19},"end":{"line":11,"column":23}},{"start":{"line":11,"column":27},"end":{"line":11,"column":43}},{"start":{"line":11,"column":48},"end":{"line":37,"column":1}}],"line":11},"6":{"loc":{"start":{"line":12,"column":43},"end":{"line":12,"column":68}},"type":"if","locations":[{"start":{"line":12,"column":43},"end":{"line":12,"column":68}},{"start":{"line":12,"column":43},"end":{"line":12,"column":68}}],"line":12},"7":{"loc":{"start":{"line":13,"column":71},"end":{"line":13,"column":153}},"type":"binary-expr","locations":[{"start":{"line":13,"column":71},"end":{"line":13,"column":99}},{"start":{"line":13,"column":104},"end":{"line":13,"column":152}}],"line":13},"8":{"loc":{"start":{"line":16,"column":8},"end":{"line":16,"column":70}},"type":"if","locations":[{"start":{"line":16,"column":8},"end":{"line":16,"column":70}},{"start":{"line":16,"column":8},"end":{"line":16,"column":70}}],"line":16},"9":{"loc":{"start":{"line":18,"column":12},"end":{"line":18,"column":169}},"type":"if","locations":[{"start":{"line":18,"column":12},"end":{"line":18,"column":169}},{"start":{"line":18,"column":12},"end":{"line":18,"column":169}}],"line":18},"10":{"loc":{"start":{"line":18,"column":23},"end":{"line":18,"column":158}},"type":"binary-expr","locations":[{"start":{"line":18,"column":23},"end":{"line":18,"column":24}},{"start":{"line":18,"column":29},"end":{"line":18,"column":125}},{"start":{"line":18,"column":130},"end":{"line":18,"column":158}}],"line":18},"11":{"loc":{"start":{"line":18,"column":33},"end":{"line":18,"column":125}},"type":"cond-expr","locations":[{"start":{"line":18,"column":45},"end":{"line":18,"column":56}},{"start":{"line":18,"column":59},"end":{"line":18,"column":125}}],"line":18},"12":{"loc":{"start":{"line":18,"column":59},"end":{"line":18,"column":125}},"type":"cond-expr","locations":[{"start":{"line":18,"column":67},"end":{"line":18,"column":116}},{"start":{"line":18,"column":119},"end":{"line":18,"column":125}}],"line":18},"13":{"loc":{"start":{"line":18,"column":67},"end":{"line":18,"column":116}},"type":"binary-expr","locations":[{"start":{"line":18,"column":67},"end":{"line":18,"column":77}},{"start":{"line":18,"column":82},"end":{"line":18,"column":115}}],"line":18},"14":{"loc":{"start":{"line":18,"column":82},"end":{"line":18,"column":112}},"type":"binary-expr","locations":[{"start":{"line":18,"column":83},"end":{"line":18,"column":98}},{"start":{"line":18,"column":103},"end":{"line":18,"column":112}}],"line":18},"15":{"loc":{"start":{"line":19,"column":12},"end":{"line":19,"column":52}},"type":"if","locations":[{"start":{"line":19,"column":12},"end":{"line":19,"column":52}},{"start":{"line":19,"column":12},"end":{"line":19,"column":52}}],"line":19},"16":{"loc":{"start":{"line":20,"column":12},"end":{"line":32,"column":13}},"type":"switch","locations":[{"start":{"line":21,"column":16},"end":{"line":21,"column":23}},{"start":{"line":21,"column":24},"end":{"line":21,"column":46}},{"start":{"line":22,"column":16},"end":{"line":22,"column":72}},{"start":{"line":23,"column":16},"end":{"line":23,"column":65}},{"start":{"line":24,"column":16},"end":{"line":24,"column":65}},{"start":{"line":25,"column":16},"end":{"line":31,"column":43}}],"line":20},"17":{"loc":{"start":{"line":26,"column":20},"end":{"line":26,"column":128}},"type":"if","locations":[{"start":{"line":26,"column":20},"end":{"line":26,"column":128}},{"start":{"line":26,"column":20},"end":{"line":26,"column":128}}],"line":26},"18":{"loc":{"start":{"line":26,"column":24},"end":{"line":26,"column":106}},"type":"binary-expr","locations":[{"start":{"line":26,"column":24},"end":{"line":26,"column":74}},{"start":{"line":26,"column":79},"end":{"line":26,"column":90}},{"start":{"line":26,"column":94},"end":{"line":26,"column":105}}],"line":26},"19":{"loc":{"start":{"line":26,"column":42},"end":{"line":26,"column":73}},"type":"binary-expr","locations":[{"start":{"line":26,"column":42},"end":{"line":26,"column":54}},{"start":{"line":26,"column":58},"end":{"line":26,"column":73}}],"line":26},"20":{"loc":{"start":{"line":27,"column":20},"end":{"line":27,"column":106}},"type":"if","locations":[{"start":{"line":27,"column":20},"end":{"line":27,"column":106}},{"start":{"line":27,"column":20},"end":{"line":27,"column":106}}],"line":27},"21":{"loc":{"start":{"line":27,"column":24},"end":{"line":27,"column":77}},"type":"binary-expr","locations":[{"start":{"line":27,"column":24},"end":{"line":27,"column":35}},{"start":{"line":27,"column":40},"end":{"line":27,"column":42}},{"start":{"line":27,"column":47},"end":{"line":27,"column":59}},{"start":{"line":27,"column":63},"end":{"line":27,"column":75}}],"line":27},"22":{"loc":{"start":{"line":28,"column":20},"end":{"line":28,"column":89}},"type":"if","locations":[{"start":{"line":28,"column":20},"end":{"line":28,"column":89}},{"start":{"line":28,"column":20},"end":{"line":28,"column":89}}],"line":28},"23":{"loc":{"start":{"line":28,"column":24},"end":{"line":28,"column":53}},"type":"binary-expr","locations":[{"start":{"line":28,"column":24},"end":{"line":28,"column":35}},{"start":{"line":28,"column":39},"end":{"line":28,"column":53}}],"line":28},"24":{"loc":{"start":{"line":29,"column":20},"end":{"line":29,"column":87}},"type":"if","locations":[{"start":{"line":29,"column":20},"end":{"line":29,"column":87}},{"start":{"line":29,"column":20},"end":{"line":29,"column":87}}],"line":29},"25":{"loc":{"start":{"line":29,"column":24},"end":{"line":29,"column":43}},"type":"binary-expr","locations":[{"start":{"line":29,"column":24},"end":{"line":29,"column":25}},{"start":{"line":29,"column":29},"end":{"line":29,"column":43}}],"line":29},"26":{"loc":{"start":{"line":30,"column":20},"end":{"line":30,"column":42}},"type":"if","locations":[{"start":{"line":30,"column":20},"end":{"line":30,"column":42}},{"start":{"line":30,"column":20},"end":{"line":30,"column":42}}],"line":30},"27":{"loc":{"start":{"line":35,"column":8},"end":{"line":35,"column":35}},"type":"if","locations":[{"start":{"line":35,"column":8},"end":{"line":35,"column":35}},{"start":{"line":35,"column":8},"end":{"line":35,"column":35}}],"line":35},"28":{"loc":{"start":{"line":35,"column":52},"end":{"line":35,"column":74}},"type":"cond-expr","locations":[{"start":{"line":35,"column":60},"end":{"line":35,"column":65}},{"start":{"line":35,"column":68},"end":{"line":35,"column":74}}],"line":35},"29":{"loc":{"start":{"line":43,"column":8},"end":{"line":57,"column":9}},"type":"switch","locations":[{"start":{"line":44,"column":12},"end":{"line":47,"column":87}},{"start":{"line":48,"column":12},"end":{"line":52,"column":62}},{"start":{"line":53,"column":12},"end":{"line":56,"column":44}}],"line":43}},"s":{"0":1,"1":4,"2":0,"3":4,"4":4,"5":4,"6":0,"7":0,"8":0,"9":0,"10":8,"11":4,"12":1,"13":4,"14":4,"15":0,"16":4,"17":4,"18":0,"19":12,"20":8,"21":8,"22":0,"23":8,"24":16,"25":16,"26":0,"27":16,"28":0,"29":16,"30":8,"31":8,"32":4,"33":4,"34":0,"35":0,"36":0,"37":0,"38":0,"39":0,"40":0,"41":4,"42":4,"43":4,"44":0,"45":0,"46":0,"47":0,"48":0,"49":0,"50":0,"51":0,"52":0,"53":0,"54":0,"55":0,"56":0,"57":0,"58":0,"59":8,"60":0,"61":0,"62":16,"63":4,"64":0,"65":4,"66":1,"67":1,"68":1,"69":2,"70":2,"71":6,"72":2,"73":2,"74":2,"75":2,"76":2,"77":2,"78":2,"79":2,"80":2,"81":2,"82":1,"83":1,"84":2,"85":2,"86":2,"87":2},"f":{"0":4,"1":4,"2":0,"3":4,"4":4,"5":0,"6":8,"7":4,"8":4,"9":0,"10":12,"11":8,"12":8,"13":2,"14":2,"15":6,"16":2,"17":2,"18":2},"b":{"0":[1,1,1],"1":[4,0],"2":[4,4],"3":[4,4],"4":[4,4],"5":[1,1,1],"6":[0,4],"7":[4,4],"8":[0,8],"9":[0,16],"10":[16,0,0],"11":[0,0],"12":[0,0],"13":[0,0],"14":[0,0],"15":[0,16],"16":[8,8,4,0,0,4],"17":[4,0],"18":[4,4,4],"19":[4,0],"20":[0,0],"21":[0,0,0,0],"22":[0,0],"23":[0,0],"24":[0,0],"25":[0,0],"26":[0,0],"27":[0,4],"28":[4,0],"29":[2,2,2]},"inputSourceMap":{"version":3,"file":"C:\\Users\\coelh\\Documents\\Dev\\iClubs-Planning-Poker\\planning-poker-backend\\app\\src\\business\\ChangeTaskVotingStatus.ts","sources":["C:\\Users\\coelh\\Documents\\Dev\\iClubs-Planning-Poker\\planning-poker-backend\\app\\src\\business\\ChangeTaskVotingStatus.ts"],"names":[],"mappings":";;;;;;;;;;;;;;;;;;;;;;;;;;;;;;;;;;;;;;;AAAO,IAAM,kBAAkB,GAAG,UAAO,IAAS,EAAE,MAAW,EAAE,OAAY;;;;;gBACjE,GAAG,GAAe,OAAO,IAAtB,EAAE,QAAQ,GAAK,OAAO,SAAZ,CAAa;gBAElC,GAAG,CAAC,UAAU,CAAC,wBAAwB,CAAC,CAAC;gBAC1B,qBAAM,yBAAyB,CAAC,IAAI,EAAE,MAAM,EAAE,OAAO,CAAC,EAAA;;gBAA/D,MAAM,GAAG,SAAsD;gBACrE,GAAG,CAAC,UAAU,CAAC,QAAQ,EAAE,MAAM,CAAC,CAAC;gBAEjC,GAAG,CAAC,UAAU,CAAC,0BAA0B,CAAC,CAAC;gBAC9B,qBAAM,QAAQ,CAAC,MAAM,CAAC,MAAM,CAAC,EAAA;;gBAApC,IAAI,GAAG,SAA6B;gBAC1C,GAAG,CAAC,UAAU,CAAC,gBAAgB,CAAC,CAAC;gBAEjC,sBAAO,IAAI,EAAC;;;KAEf,CAAA;AAbY,QAAA,kBAAkB,sBAa9B;AAED,IAAM,yBAAyB,GAAG,UAAO,IAAS,EAAE,MAAW,EAAE,OAAY;;;QACnE,KAAoB,OAAO,CAAC,MAAM,EAAhC,MAAM,YAAA,EAAE,KAAK,WAAA,CAAmB;QACxC,sBAAO;gBACH,SAAS,EAAE,UAAG,KAAK,cAAI,MAAM,oBAAiB;gBAC9C,GAAG,EAAE,IAAI;gBACT,gBAAgB,EAAE,iBAAiB;gBACnC,yBAAyB,EAAE;oBACvB,IAAI,EAAE,MAAM;iBACf;aACJ,EAAA;;KACJ,CAAA","sourcesContent":["export const updateVotingStatus = async (item: any, status: any, options: any) => {\n    const { log, database } = options;\n\n    log.debug_info('Generating item params');\n    const params = await getTaskStatusDynamoParams(item, status, options);\n    log.debug_info('Params', params);\n    \n    log.debug_info('Getting item on database');\n    const task = await database.update(params);\n    log.debug_info('Returning info');\n\n    return task;\n\n}\n\nconst getTaskStatusDynamoParams = async (item: any, status: any, options: any) => {\n    const { TENANT, STAGE } = options.config\n    return {\n        TableName: `${STAGE}_${TENANT}_planning_poker`,\n        Key: item,\n        UpdateExpression: 'set voting = :v',\n        ExpressionAttributeValues: {\n            ':v': status\n        }\n    }\n}"]},"_coverageSchema":"1a1c01bbd47fc00a2c39e90264f33305004495a9","hash":"d5ad5a4148209331e7b258563efbe3f97aba0deb","contentHash":"bd9ba8d586c75d617106db57cdb2ad4c7f5e511e593befe323cd1dc04771f952"},"C:\\Users\\coelh\\Documents\\Dev\\iClubs-Planning-Poker\\planning-poker-backend\\app\\src\\utils\\GenerateOptions.ts":{"path":"C:\\Users\\coelh\\Documents\\Dev\\iClubs-Planning-Poker\\planning-poker-backend\\app\\src\\utils\\GenerateOptions.ts","statementMap":{"0":{"start":{"line":2,"column":16},"end":{"line":10,"column":1}},"1":{"start":{"line":3,"column":28},"end":{"line":3,"column":110}},"2":{"start":{"line":3,"column":91},"end":{"line":3,"column":106}},"3":{"start":{"line":4,"column":4},"end":{"line":9,"column":7}},"4":{"start":{"line":5,"column":36},"end":{"line":5,"column":97}},"5":{"start":{"line":5,"column":42},"end":{"line":5,"column":70}},"6":{"start":{"line":5,"column":85},"end":{"line":5,"column":95}},"7":{"start":{"line":6,"column":35},"end":{"line":6,"column":100}},"8":{"start":{"line":6,"column":41},"end":{"line":6,"column":73}},"9":{"start":{"line":6,"column":88},"end":{"line":6,"column":98}},"10":{"start":{"line":7,"column":32},"end":{"line":7,"column":116}},"11":{"start":{"line":8,"column":8},"end":{"line":8,"column":78}},"12":{"start":{"line":11,"column":18},"end":{"line":37,"column":1}},"13":{"start":{"line":12,"column":12},"end":{"line":12,"column":104}},"14":{"start":{"line":12,"column":43},"end":{"line":12,"column":68}},"15":{"start":{"line":12,"column":57},"end":{"line":12,"column":68}},"16":{"start":{"line":12,"column":69},"end":{"line":12,"column":81}},"17":{"start":{"line":13,"column":4},"end":{"line":13,"column":157}},"18":{"start":{"line":13,"column":138},"end":{"line":13,"column":150}},"19":{"start":{"line":14,"column":23},"end":{"line":14,"column":68}},"20":{"start":{"line":14,"column":45},"end":{"line":14,"column":65}},"21":{"start":{"line":16,"column":8},"end":{"line":16,"column":70}},"22":{"start":{"line":16,"column":15},"end":{"line":16,"column":70}},"23":{"start":{"line":17,"column":8},"end":{"line":34,"column":66}},"24":{"start":{"line":17,"column":18},"end":{"line":34,"column":66}},"25":{"start":{"line":18,"column":12},"end":{"line":18,"column":169}},"26":{"start":{"line":18,"column":160},"end":{"line":18,"column":169}},"27":{"start":{"line":19,"column":12},"end":{"line":19,"column":52}},"28":{"start":{"line":19,"column":26},"end":{"line":19,"column":52}},"29":{"start":{"line":20,"column":12},"end":{"line":32,"column":13}},"30":{"start":{"line":21,"column":32},"end":{"line":21,"column":39}},"31":{"start":{"line":21,"column":40},"end":{"line":21,"column":46}},"32":{"start":{"line":22,"column":24},"end":{"line":22,"column":34}},"33":{"start":{"line":22,"column":35},"end":{"line":22,"column":72}},"34":{"start":{"line":23,"column":24},"end":{"line":23,"column":34}},"35":{"start":{"line":23,"column":35},"end":{"line":23,"column":45}},"36":{"start":{"line":23,"column":46},"end":{"line":23,"column":55}},"37":{"start":{"line":23,"column":56},"end":{"line":23,"column":65}},"38":{"start":{"line":24,"column":24},"end":{"line":24,"column":41}},"39":{"start":{"line":24,"column":42},"end":{"line":24,"column":55}},"40":{"start":{"line":24,"column":56},"end":{"line":24,"column":65}},"41":{"start":{"line":26,"column":20},"end":{"line":26,"column":128}},"42":{"start":{"line":26,"column":110},"end":{"line":26,"column":116}},"43":{"start":{"line":26,"column":117},"end":{"line":26,"column":126}},"44":{"start":{"line":27,"column":20},"end":{"line":27,"column":106}},"45":{"start":{"line":27,"column":81},"end":{"line":27,"column":97}},"46":{"start":{"line":27,"column":98},"end":{"line":27,"column":104}},"47":{"start":{"line":28,"column":20},"end":{"line":28,"column":89}},"48":{"start":{"line":28,"column":57},"end":{"line":28,"column":72}},"49":{"start":{"line":28,"column":73},"end":{"line":28,"column":80}},"50":{"start":{"line":28,"column":81},"end":{"line":28,"column":87}},"51":{"start":{"line":29,"column":20},"end":{"line":29,"column":87}},"52":{"start":{"line":29,"column":47},"end":{"line":29,"column":62}},"53":{"start":{"line":29,"column":63},"end":{"line":29,"column":78}},"54":{"start":{"line":29,"column":79},"end":{"line":29,"column":85}},"55":{"start":{"line":30,"column":20},"end":{"line":30,"column":42}},"56":{"start":{"line":30,"column":30},"end":{"line":30,"column":42}},"57":{"start":{"line":31,"column":20},"end":{"line":31,"column":33}},"58":{"start":{"line":31,"column":34},"end":{"line":31,"column":43}},"59":{"start":{"line":33,"column":12},"end":{"line":33,"column":39}},"60":{"start":{"line":34,"column":22},"end":{"line":34,"column":34}},"61":{"start":{"line":34,"column":35},"end":{"line":34,"column":41}},"62":{"start":{"line":34,"column":54},"end":{"line":34,"column":64}},"63":{"start":{"line":35,"column":8},"end":{"line":35,"column":35}},"64":{"start":{"line":35,"column":23},"end":{"line":35,"column":35}},"65":{"start":{"line":35,"column":36},"end":{"line":35,"column":89}},"66":{"start":{"line":38,"column":0},"end":{"line":38,"column":62}},"67":{"start":{"line":39,"column":0},"end":{"line":39,"column":29}},"68":{"start":{"line":40,"column":17},"end":{"line":40,"column":52}},"69":{"start":{"line":41,"column":15},"end":{"line":41,"column":41}},"70":{"start":{"line":42,"column":15},"end":{"line":42,"column":39}},"71":{"start":{"line":43,"column":17},"end":{"line":43,"column":45}},"72":{"start":{"line":44,"column":15},"end":{"line":44,"column":41}},"73":{"start":{"line":45,"column":15},"end":{"line":45,"column":41}},"74":{"start":{"line":46,"column":18},"end":{"line":72,"column":1}},"75":{"start":{"line":47,"column":4},"end":{"line":47,"column":44}},"76":{"start":{"line":47,"column":28},"end":{"line":47,"column":42}},"77":{"start":{"line":48,"column":4},"end":{"line":71,"column":7}},"78":{"start":{"line":50,"column":8},"end":{"line":70,"column":11}},"79":{"start":{"line":51,"column":12},"end":{"line":69,"column":13}},"80":{"start":{"line":53,"column":20},"end":{"line":53,"column":103}},"81":{"start":{"line":53,"column":79},"end":{"line":53,"column":103}},"82":{"start":{"line":54,"column":20},"end":{"line":56,"column":22}},"83":{"start":{"line":57,"column":20},"end":{"line":57,"column":92}},"84":{"start":{"line":58,"column":24},"end":{"line":60,"column":29}},"85":{"start":{"line":62,"column":20},"end":{"line":64,"column":22}},"86":{"start":{"line":65,"column":20},"end":{"line":65,"column":89}},"87":{"start":{"line":66,"column":24},"end":{"line":68,"column":29}},"88":{"start":{"line":73,"column":0},"end":{"line":73,"column":34}}},"fnMap":{"0":{"name":"(anonymous_0)","decl":{"start":{"line":2,"column":44},"end":{"line":2,"column":45}},"loc":{"start":{"line":2,"column":89},"end":{"line":10,"column":1}},"line":2},"1":{"name":"adopt","decl":{"start":{"line":3,"column":13},"end":{"line":3,"column":18}},"loc":{"start":{"line":3,"column":26},"end":{"line":3,"column":112}},"line":3},"2":{"name":"(anonymous_2)","decl":{"start":{"line":3,"column":70},"end":{"line":3,"column":71}},"loc":{"start":{"line":3,"column":89},"end":{"line":3,"column":108}},"line":3},"3":{"name":"(anonymous_3)","decl":{"start":{"line":4,"column":36},"end":{"line":4,"column":37}},"loc":{"start":{"line":4,"column":63},"end":{"line":9,"column":5}},"line":4},"4":{"name":"fulfilled","decl":{"start":{"line":5,"column":17},"end":{"line":5,"column":26}},"loc":{"start":{"line":5,"column":34},"end":{"line":5,"column":99}},"line":5},"5":{"name":"rejected","decl":{"start":{"line":6,"column":17},"end":{"line":6,"column":25}},"loc":{"start":{"line":6,"column":33},"end":{"line":6,"column":102}},"line":6},"6":{"name":"step","decl":{"start":{"line":7,"column":17},"end":{"line":7,"column":21}},"loc":{"start":{"line":7,"column":30},"end":{"line":7,"column":118}},"line":7},"7":{"name":"(anonymous_7)","decl":{"start":{"line":11,"column":48},"end":{"line":11,"column":49}},"loc":{"start":{"line":11,"column":73},"end":{"line":37,"column":1}},"line":11},"8":{"name":"(anonymous_8)","decl":{"start":{"line":12,"column":30},"end":{"line":12,"column":31}},"loc":{"start":{"line":12,"column":41},"end":{"line":12,"column":83}},"line":12},"9":{"name":"(anonymous_9)","decl":{"start":{"line":13,"column":125},"end":{"line":13,"column":126}},"loc":{"start":{"line":13,"column":136},"end":{"line":13,"column":152}},"line":13},"10":{"name":"verb","decl":{"start":{"line":14,"column":13},"end":{"line":14,"column":17}},"loc":{"start":{"line":14,"column":21},"end":{"line":14,"column":70}},"line":14},"11":{"name":"(anonymous_11)","decl":{"start":{"line":14,"column":30},"end":{"line":14,"column":31}},"loc":{"start":{"line":14,"column":43},"end":{"line":14,"column":67}},"line":14},"12":{"name":"step","decl":{"start":{"line":15,"column":13},"end":{"line":15,"column":17}},"loc":{"start":{"line":15,"column":22},"end":{"line":36,"column":5}},"line":15},"13":{"name":"(anonymous_13)","decl":{"start":{"line":46,"column":18},"end":{"line":46,"column":19}},"loc":{"start":{"line":46,"column":35},"end":{"line":72,"column":1}},"line":46},"14":{"name":"(anonymous_14)","decl":{"start":{"line":48,"column":45},"end":{"line":48,"column":46}},"loc":{"start":{"line":48,"column":57},"end":{"line":71,"column":5}},"line":48},"15":{"name":"(anonymous_15)","decl":{"start":{"line":50,"column":33},"end":{"line":50,"column":34}},"loc":{"start":{"line":50,"column":47},"end":{"line":70,"column":9}},"line":50}},"branchMap":{"0":{"loc":{"start":{"line":2,"column":16},"end":{"line":10,"column":1}},"type":"binary-expr","locations":[{"start":{"line":2,"column":17},"end":{"line":2,"column":21}},{"start":{"line":2,"column":25},"end":{"line":2,"column":39}},{"start":{"line":2,"column":44},"end":{"line":10,"column":1}}],"line":2},"1":{"loc":{"start":{"line":3,"column":35},"end":{"line":3,"column":109}},"type":"cond-expr","locations":[{"start":{"line":3,"column":56},"end":{"line":3,"column":61}},{"start":{"line":3,"column":64},"end":{"line":3,"column":109}}],"line":3},"2":{"loc":{"start":{"line":4,"column":16},"end":{"line":4,"column":34}},"type":"binary-expr","locations":[{"start":{"line":4,"column":16},"end":{"line":4,"column":17}},{"start":{"line":4,"column":22},"end":{"line":4,"column":33}}],"line":4},"3":{"loc":{"start":{"line":7,"column":32},"end":{"line":7,"column":115}},"type":"cond-expr","locations":[{"start":{"line":7,"column":46},"end":{"line":7,"column":67}},{"start":{"line":7,"column":70},"end":{"line":7,"column":115}}],"line":7},"4":{"loc":{"start":{"line":8,"column":51},"end":{"line":8,"column":67}},"type":"binary-expr","locations":[{"start":{"line":8,"column":51},"end":{"line":8,"column":61}},{"start":{"line":8,"column":65},"end":{"line":8,"column":67}}],"line":8},"5":{"loc":{"start":{"line":11,"column":18},"end":{"line":37,"column":1}},"type":"binary-expr","locations":[{"start":{"line":11,"column":19},"end":{"line":11,"column":23}},{"start":{"line":11,"column":27},"end":{"line":11,"column":43}},{"start":{"line":11,"column":48},"end":{"line":37,"column":1}}],"line":11},"6":{"loc":{"start":{"line":12,"column":43},"end":{"line":12,"column":68}},"type":"if","locations":[{"start":{"line":12,"column":43},"end":{"line":12,"column":68}},{"start":{"line":12,"column":43},"end":{"line":12,"column":68}}],"line":12},"7":{"loc":{"start":{"line":13,"column":71},"end":{"line":13,"column":153}},"type":"binary-expr","locations":[{"start":{"line":13,"column":71},"end":{"line":13,"column":99}},{"start":{"line":13,"column":104},"end":{"line":13,"column":152}}],"line":13},"8":{"loc":{"start":{"line":16,"column":8},"end":{"line":16,"column":70}},"type":"if","locations":[{"start":{"line":16,"column":8},"end":{"line":16,"column":70}},{"start":{"line":16,"column":8},"end":{"line":16,"column":70}}],"line":16},"9":{"loc":{"start":{"line":18,"column":12},"end":{"line":18,"column":169}},"type":"if","locations":[{"start":{"line":18,"column":12},"end":{"line":18,"column":169}},{"start":{"line":18,"column":12},"end":{"line":18,"column":169}}],"line":18},"10":{"loc":{"start":{"line":18,"column":23},"end":{"line":18,"column":158}},"type":"binary-expr","locations":[{"start":{"line":18,"column":23},"end":{"line":18,"column":24}},{"start":{"line":18,"column":29},"end":{"line":18,"column":125}},{"start":{"line":18,"column":130},"end":{"line":18,"column":158}}],"line":18},"11":{"loc":{"start":{"line":18,"column":33},"end":{"line":18,"column":125}},"type":"cond-expr","locations":[{"start":{"line":18,"column":45},"end":{"line":18,"column":56}},{"start":{"line":18,"column":59},"end":{"line":18,"column":125}}],"line":18},"12":{"loc":{"start":{"line":18,"column":59},"end":{"line":18,"column":125}},"type":"cond-expr","locations":[{"start":{"line":18,"column":67},"end":{"line":18,"column":116}},{"start":{"line":18,"column":119},"end":{"line":18,"column":125}}],"line":18},"13":{"loc":{"start":{"line":18,"column":67},"end":{"line":18,"column":116}},"type":"binary-expr","locations":[{"start":{"line":18,"column":67},"end":{"line":18,"column":77}},{"start":{"line":18,"column":82},"end":{"line":18,"column":115}}],"line":18},"14":{"loc":{"start":{"line":18,"column":82},"end":{"line":18,"column":112}},"type":"binary-expr","locations":[{"start":{"line":18,"column":83},"end":{"line":18,"column":98}},{"start":{"line":18,"column":103},"end":{"line":18,"column":112}}],"line":18},"15":{"loc":{"start":{"line":19,"column":12},"end":{"line":19,"column":52}},"type":"if","locations":[{"start":{"line":19,"column":12},"end":{"line":19,"column":52}},{"start":{"line":19,"column":12},"end":{"line":19,"column":52}}],"line":19},"16":{"loc":{"start":{"line":20,"column":12},"end":{"line":32,"column":13}},"type":"switch","locations":[{"start":{"line":21,"column":16},"end":{"line":21,"column":23}},{"start":{"line":21,"column":24},"end":{"line":21,"column":46}},{"start":{"line":22,"column":16},"end":{"line":22,"column":72}},{"start":{"line":23,"column":16},"end":{"line":23,"column":65}},{"start":{"line":24,"column":16},"end":{"line":24,"column":65}},{"start":{"line":25,"column":16},"end":{"line":31,"column":43}}],"line":20},"17":{"loc":{"start":{"line":26,"column":20},"end":{"line":26,"column":128}},"type":"if","locations":[{"start":{"line":26,"column":20},"end":{"line":26,"column":128}},{"start":{"line":26,"column":20},"end":{"line":26,"column":128}}],"line":26},"18":{"loc":{"start":{"line":26,"column":24},"end":{"line":26,"column":106}},"type":"binary-expr","locations":[{"start":{"line":26,"column":24},"end":{"line":26,"column":74}},{"start":{"line":26,"column":79},"end":{"line":26,"column":90}},{"start":{"line":26,"column":94},"end":{"line":26,"column":105}}],"line":26},"19":{"loc":{"start":{"line":26,"column":42},"end":{"line":26,"column":73}},"type":"binary-expr","locations":[{"start":{"line":26,"column":42},"end":{"line":26,"column":54}},{"start":{"line":26,"column":58},"end":{"line":26,"column":73}}],"line":26},"20":{"loc":{"start":{"line":27,"column":20},"end":{"line":27,"column":106}},"type":"if","locations":[{"start":{"line":27,"column":20},"end":{"line":27,"column":106}},{"start":{"line":27,"column":20},"end":{"line":27,"column":106}}],"line":27},"21":{"loc":{"start":{"line":27,"column":24},"end":{"line":27,"column":77}},"type":"binary-expr","locations":[{"start":{"line":27,"column":24},"end":{"line":27,"column":35}},{"start":{"line":27,"column":40},"end":{"line":27,"column":42}},{"start":{"line":27,"column":47},"end":{"line":27,"column":59}},{"start":{"line":27,"column":63},"end":{"line":27,"column":75}}],"line":27},"22":{"loc":{"start":{"line":28,"column":20},"end":{"line":28,"column":89}},"type":"if","locations":[{"start":{"line":28,"column":20},"end":{"line":28,"column":89}},{"start":{"line":28,"column":20},"end":{"line":28,"column":89}}],"line":28},"23":{"loc":{"start":{"line":28,"column":24},"end":{"line":28,"column":53}},"type":"binary-expr","locations":[{"start":{"line":28,"column":24},"end":{"line":28,"column":35}},{"start":{"line":28,"column":39},"end":{"line":28,"column":53}}],"line":28},"24":{"loc":{"start":{"line":29,"column":20},"end":{"line":29,"column":87}},"type":"if","locations":[{"start":{"line":29,"column":20},"end":{"line":29,"column":87}},{"start":{"line":29,"column":20},"end":{"line":29,"column":87}}],"line":29},"25":{"loc":{"start":{"line":29,"column":24},"end":{"line":29,"column":43}},"type":"binary-expr","locations":[{"start":{"line":29,"column":24},"end":{"line":29,"column":25}},{"start":{"line":29,"column":29},"end":{"line":29,"column":43}}],"line":29},"26":{"loc":{"start":{"line":30,"column":20},"end":{"line":30,"column":42}},"type":"if","locations":[{"start":{"line":30,"column":20},"end":{"line":30,"column":42}},{"start":{"line":30,"column":20},"end":{"line":30,"column":42}}],"line":30},"27":{"loc":{"start":{"line":35,"column":8},"end":{"line":35,"column":35}},"type":"if","locations":[{"start":{"line":35,"column":8},"end":{"line":35,"column":35}},{"start":{"line":35,"column":8},"end":{"line":35,"column":35}}],"line":35},"28":{"loc":{"start":{"line":35,"column":52},"end":{"line":35,"column":74}},"type":"cond-expr","locations":[{"start":{"line":35,"column":60},"end":{"line":35,"column":65}},{"start":{"line":35,"column":68},"end":{"line":35,"column":74}}],"line":35},"29":{"loc":{"start":{"line":47,"column":4},"end":{"line":47,"column":44}},"type":"if","locations":[{"start":{"line":47,"column":4},"end":{"line":47,"column":44}},{"start":{"line":47,"column":4},"end":{"line":47,"column":44}}],"line":47},"30":{"loc":{"start":{"line":51,"column":12},"end":{"line":69,"column":13}},"type":"switch","locations":[{"start":{"line":52,"column":16},"end":{"line":57,"column":92}},{"start":{"line":58,"column":16},"end":{"line":60,"column":29}},{"start":{"line":61,"column":16},"end":{"line":65,"column":89}},{"start":{"line":66,"column":16},"end":{"line":68,"column":29}}],"line":51},"31":{"loc":{"start":{"line":53,"column":20},"end":{"line":53,"column":103}},"type":"if","locations":[{"start":{"line":53,"column":20},"end":{"line":53,"column":103}},{"start":{"line":53,"column":20},"end":{"line":53,"column":103}}],"line":53},"32":{"loc":{"start":{"line":53,"column":26},"end":{"line":53,"column":76}},"type":"binary-expr","locations":[{"start":{"line":53,"column":26},"end":{"line":53,"column":57}},{"start":{"line":53,"column":61},"end":{"line":53,"column":76}}],"line":53}},"s":{"0":1,"1":20,"2":0,"3":20,"4":20,"5":20,"6":0,"7":0,"8":0,"9":0,"10":40,"11":20,"12":1,"13":20,"14":20,"15":0,"16":20,"17":20,"18":0,"19":60,"20":40,"21":40,"22":0,"23":40,"24":81,"25":81,"26":0,"27":81,"28":0,"29":81,"30":40,"31":40,"32":20,"33":20,"34":0,"35":0,"36":0,"37":0,"38":0,"39":0,"40":0,"41":21,"42":20,"43":20,"44":1,"45":1,"46":1,"47":0,"48":0,"49":0,"50":0,"51":0,"52":0,"53":0,"54":0,"55":0,"56":0,"57":0,"58":0,"59":41,"60":0,"61":0,"62":81,"63":20,"64":0,"65":20,"66":1,"67":1,"68":1,"69":1,"70":1,"71":1,"72":1,"73":1,"74":1,"75":20,"76":19,"77":20,"78":20,"79":41,"80":20,"81":1,"82":19,"83":19,"84":19,"85":1,"86":1,"87":1,"88":1},"f":{"0":20,"1":20,"2":0,"3":20,"4":20,"5":0,"6":40,"7":20,"8":20,"9":0,"10":60,"11":40,"12":40,"13":20,"14":20,"15":41},"b":{"0":[1,1,1],"1":[20,0],"2":[20,20],"3":[20,20],"4":[20,20],"5":[1,1,1],"6":[0,20],"7":[20,20],"8":[0,40],"9":[0,81],"10":[81,0,0],"11":[0,0],"12":[0,0],"13":[0,0],"14":[0,0],"15":[0,81],"16":[40,40,20,0,0,21],"17":[20,1],"18":[21,21,21],"19":[21,0],"20":[1,0],"21":[1,1,0,0],"22":[0,0],"23":[0,0],"24":[0,0],"25":[0,0],"26":[0,0],"27":[0,20],"28":[20,0],"29":[19,1],"30":[20,19,1,1],"31":[1,19],"32":[20,20]},"inputSourceMap":{"version":3,"file":"C:\\Users\\coelh\\Documents\\Dev\\iClubs-Planning-Poker\\planning-poker-backend\\app\\src\\utils\\GenerateOptions.ts","sources":["C:\\Users\\coelh\\Documents\\Dev\\iClubs-Planning-Poker\\planning-poker-backend\\app\\src\\utils\\GenerateOptions.ts"],"names":[],"mappings":";;;;;;;;;;;;;;;;;;;;;;;;;;;;;;;;;;;;;;;AAAA,qDAAwD;AACxD,0CAAwC;AACxC,wCAAsC;AACtC,8CAA+C;AAC/C,0CAA6C;AAC7C,0CAA6C;AAGtC,IAAM,WAAW,GAAqB,UAAO,KAAa;IAAb,sBAAA,EAAA,aAAa;;;;;;yBACzD,CAAA,OAAO,CAAC,GAAG,CAAC,QAAQ,KAAK,MAAM,IAAI,KAAK,KAAK,KAAK,CAAA,EAAlD,wBAAkD;;wBAE9C,GAAG,EAAE,IAAA,oBAAW,GAAE;;oBACR,qBAAM,IAAA,sBAAW,EAAC,oBAAW,CAAC,EAAA;wBAF5C,sBAAO,CAEH,WAAQ,GAAE,SAA8B;wBACxC,SAAM,GAAE,oBAAW;0BACC,CAAA,EAAC;;;wBAIzB,GAAG,EAAE,IAAA,eAAM,EAAC,OAAO,CAAC,GAAG,CAAC,KAAK,CAAC;;oBACpB,qBAAM,IAAA,wBAAa,EAAC,eAAM,CAAC,EAAA;wBAFzC,uBAEI,WAAQ,GAAE,SAA2B;wBACrC,SAAM,GAAE,eAAM;6BAChB;;;;CACL,CAAA;AAdY,QAAA,WAAW,eAcvB","sourcesContent":["import { dynamo_client } from '../repositories/DynamoDB'\nimport { logger } from '../utils/Logger'\nimport { config } from '../aws/config'\nimport { dynamo_mock } from '../mocks/DynamoDB'\nimport { mock_logger } from '../mocks/Logger'\nimport { config_mock } from '../mocks/config'\nimport { IGenerateOptions, IOptions } from '../interfaces/IGenerateOptions'\n\nexport const gen_options: IGenerateOptions = async (force = false) => {\n    if (process.env.NODE_ENV === 'test' && force === false) {\n        return {\n            log: mock_logger(),\n            database: await dynamo_mock(config_mock),\n            config: config_mock,\n        } as unknown as IOptions;\n    }\n\n    return {\n        log: logger(process.env.DEBUG),\n        database: await dynamo_client(config),\n        config: config,\n    };\n}"]},"_coverageSchema":"1a1c01bbd47fc00a2c39e90264f33305004495a9","hash":"2e2b6cbd99e149c4d9b9f72ef8152e44ab029aad","contentHash":"3354e8a469b73b9c3a81123cfdf850923ca6e9d359a851e6c2fe29923d2f7216"},"C:\\Users\\coelh\\Documents\\Dev\\iClubs-Planning-Poker\\planning-poker-backend\\app\\src\\repositories\\DynamoDB.ts":{"path":"C:\\Users\\coelh\\Documents\\Dev\\iClubs-Planning-Poker\\planning-poker-backend\\app\\src\\repositories\\DynamoDB.ts","statementMap":{"0":{"start":{"line":2,"column":22},"end":{"line":12,"column":3}},"1":{"start":{"line":3,"column":4},"end":{"line":3,"column":33}},"2":{"start":{"line":3,"column":26},"end":{"line":3,"column":33}},"3":{"start":{"line":4,"column":15},"end":{"line":4,"column":52}},"4":{"start":{"line":5,"column":4},"end":{"line":7,"column":5}},"5":{"start":{"line":6,"column":6},"end":{"line":6,"column":68}},"6":{"start":{"line":6,"column":51},"end":{"line":6,"column":63}},"7":{"start":{"line":8,"column":4},"end":{"line":8,"column":39}},"8":{"start":{"line":10,"column":4},"end":{"line":10,"column":33}},"9":{"start":{"line":10,"column":26},"end":{"line":10,"column":33}},"10":{"start":{"line":11,"column":4},"end":{"line":11,"column":17}},"11":{"start":{"line":13,"column":25},"end":{"line":17,"column":2}},"12":{"start":{"line":14,"column":4},"end":{"line":14,"column":72}},"13":{"start":{"line":16,"column":4},"end":{"line":16,"column":21}},"14":{"start":{"line":18,"column":19},"end":{"line":24,"column":1}},"15":{"start":{"line":19,"column":4},"end":{"line":19,"column":42}},"16":{"start":{"line":19,"column":31},"end":{"line":19,"column":42}},"17":{"start":{"line":20,"column":17},"end":{"line":20,"column":19}},"18":{"start":{"line":21,"column":4},"end":{"line":21,"column":141}},"19":{"start":{"line":21,"column":21},"end":{"line":21,"column":141}},"20":{"start":{"line":21,"column":40},"end":{"line":21,"column":141}},"21":{"start":{"line":21,"column":109},"end":{"line":21,"column":141}},"22":{"start":{"line":22,"column":4},"end":{"line":22,"column":36}},"23":{"start":{"line":23,"column":4},"end":{"line":23,"column":18}},"24":{"start":{"line":25,"column":16},"end":{"line":33,"column":1}},"25":{"start":{"line":26,"column":28},"end":{"line":26,"column":110}},"26":{"start":{"line":26,"column":91},"end":{"line":26,"column":106}},"27":{"start":{"line":27,"column":4},"end":{"line":32,"column":7}},"28":{"start":{"line":28,"column":36},"end":{"line":28,"column":97}},"29":{"start":{"line":28,"column":42},"end":{"line":28,"column":70}},"30":{"start":{"line":28,"column":85},"end":{"line":28,"column":95}},"31":{"start":{"line":29,"column":35},"end":{"line":29,"column":100}},"32":{"start":{"line":29,"column":41},"end":{"line":29,"column":73}},"33":{"start":{"line":29,"column":88},"end":{"line":29,"column":98}},"34":{"start":{"line":30,"column":32},"end":{"line":30,"column":116}},"35":{"start":{"line":31,"column":8},"end":{"line":31,"column":78}},"36":{"start":{"line":34,"column":18},"end":{"line":60,"column":1}},"37":{"start":{"line":35,"column":12},"end":{"line":35,"column":104}},"38":{"start":{"line":35,"column":43},"end":{"line":35,"column":68}},"39":{"start":{"line":35,"column":57},"end":{"line":35,"column":68}},"40":{"start":{"line":35,"column":69},"end":{"line":35,"column":81}},"41":{"start":{"line":36,"column":4},"end":{"line":36,"column":157}},"42":{"start":{"line":36,"column":138},"end":{"line":36,"column":150}},"43":{"start":{"line":37,"column":23},"end":{"line":37,"column":68}},"44":{"start":{"line":37,"column":45},"end":{"line":37,"column":65}},"45":{"start":{"line":39,"column":8},"end":{"line":39,"column":70}},"46":{"start":{"line":39,"column":15},"end":{"line":39,"column":70}},"47":{"start":{"line":40,"column":8},"end":{"line":57,"column":66}},"48":{"start":{"line":40,"column":18},"end":{"line":57,"column":66}},"49":{"start":{"line":41,"column":12},"end":{"line":41,"column":169}},"50":{"start":{"line":41,"column":160},"end":{"line":41,"column":169}},"51":{"start":{"line":42,"column":12},"end":{"line":42,"column":52}},"52":{"start":{"line":42,"column":26},"end":{"line":42,"column":52}},"53":{"start":{"line":43,"column":12},"end":{"line":55,"column":13}},"54":{"start":{"line":44,"column":32},"end":{"line":44,"column":39}},"55":{"start":{"line":44,"column":40},"end":{"line":44,"column":46}},"56":{"start":{"line":45,"column":24},"end":{"line":45,"column":34}},"57":{"start":{"line":45,"column":35},"end":{"line":45,"column":72}},"58":{"start":{"line":46,"column":24},"end":{"line":46,"column":34}},"59":{"start":{"line":46,"column":35},"end":{"line":46,"column":45}},"60":{"start":{"line":46,"column":46},"end":{"line":46,"column":55}},"61":{"start":{"line":46,"column":56},"end":{"line":46,"column":65}},"62":{"start":{"line":47,"column":24},"end":{"line":47,"column":41}},"63":{"start":{"line":47,"column":42},"end":{"line":47,"column":55}},"64":{"start":{"line":47,"column":56},"end":{"line":47,"column":65}},"65":{"start":{"line":49,"column":20},"end":{"line":49,"column":128}},"66":{"start":{"line":49,"column":110},"end":{"line":49,"column":116}},"67":{"start":{"line":49,"column":117},"end":{"line":49,"column":126}},"68":{"start":{"line":50,"column":20},"end":{"line":50,"column":106}},"69":{"start":{"line":50,"column":81},"end":{"line":50,"column":97}},"70":{"start":{"line":50,"column":98},"end":{"line":50,"column":104}},"71":{"start":{"line":51,"column":20},"end":{"line":51,"column":89}},"72":{"start":{"line":51,"column":57},"end":{"line":51,"column":72}},"73":{"start":{"line":51,"column":73},"end":{"line":51,"column":80}},"74":{"start":{"line":51,"column":81},"end":{"line":51,"column":87}},"75":{"start":{"line":52,"column":20},"end":{"line":52,"column":87}},"76":{"start":{"line":52,"column":47},"end":{"line":52,"column":62}},"77":{"start":{"line":52,"column":63},"end":{"line":52,"column":78}},"78":{"start":{"line":52,"column":79},"end":{"line":52,"column":85}},"79":{"start":{"line":53,"column":20},"end":{"line":53,"column":42}},"80":{"start":{"line":53,"column":30},"end":{"line":53,"column":42}},"81":{"start":{"line":54,"column":20},"end":{"line":54,"column":33}},"82":{"start":{"line":54,"column":34},"end":{"line":54,"column":43}},"83":{"start":{"line":56,"column":12},"end":{"line":56,"column":39}},"84":{"start":{"line":57,"column":22},"end":{"line":57,"column":34}},"85":{"start":{"line":57,"column":35},"end":{"line":57,"column":41}},"86":{"start":{"line":57,"column":54},"end":{"line":57,"column":64}},"87":{"start":{"line":58,"column":8},"end":{"line":58,"column":35}},"88":{"start":{"line":58,"column":23},"end":{"line":58,"column":35}},"89":{"start":{"line":58,"column":36},"end":{"line":58,"column":89}},"90":{"start":{"line":61,"column":0},"end":{"line":61,"column":62}},"91":{"start":{"line":62,"column":0},"end":{"line":62,"column":31}},"92":{"start":{"line":63,"column":10},"end":{"line":63,"column":42}},"93":{"start":{"line":64,"column":20},"end":{"line":115,"column":1}},"94":{"start":{"line":65,"column":4},"end":{"line":65,"column":38}},"95":{"start":{"line":65,"column":26},"end":{"line":65,"column":36}},"96":{"start":{"line":66,"column":4},"end":{"line":114,"column":7}},"97":{"start":{"line":68,"column":8},"end":{"line":113,"column":11}},"98":{"start":{"line":69,"column":12},"end":{"line":69,"column":57}},"99":{"start":{"line":70,"column":12},"end":{"line":70,"column":55}},"100":{"start":{"line":71,"column":12},"end":{"line":112,"column":19}},"101":{"start":{"line":72,"column":51},"end":{"line":79,"column":23}},"102":{"start":{"line":73,"column":24},"end":{"line":78,"column":27}},"103":{"start":{"line":74,"column":28},"end":{"line":77,"column":29}},"104":{"start":{"line":75,"column":40},"end":{"line":75,"column":92}},"105":{"start":{"line":76,"column":40},"end":{"line":76,"column":73}},"106":{"start":{"line":80,"column":51},"end":{"line":87,"column":23}},"107":{"start":{"line":81,"column":24},"end":{"line":86,"column":27}},"108":{"start":{"line":82,"column":28},"end":{"line":85,"column":29}},"109":{"start":{"line":83,"column":40},"end":{"line":83,"column":91}},"110":{"start":{"line":84,"column":40},"end":{"line":84,"column":73}},"111":{"start":{"line":88,"column":48},"end":{"line":95,"column":23}},"112":{"start":{"line":89,"column":24},"end":{"line":94,"column":27}},"113":{"start":{"line":90,"column":28},"end":{"line":93,"column":29}},"114":{"start":{"line":91,"column":40},"end":{"line":91,"column":93}},"115":{"start":{"line":92,"column":40},"end":{"line":92,"column":73}},"116":{"start":{"line":96,"column":48},"end":{"line":103,"column":23}},"117":{"start":{"line":97,"column":24},"end":{"line":102,"column":27}},"118":{"start":{"line":98,"column":28},"end":{"line":101,"column":29}},"119":{"start":{"line":99,"column":40},"end":{"line":99,"column":91}},"120":{"start":{"line":100,"column":40},"end":{"line":100,"column":73}},"121":{"start":{"line":104,"column":48},"end":{"line":111,"column":23}},"122":{"start":{"line":105,"column":24},"end":{"line":110,"column":27}},"123":{"start":{"line":106,"column":28},"end":{"line":109,"column":29}},"124":{"start":{"line":107,"column":40},"end":{"line":107,"column":94}},"125":{"start":{"line":108,"column":40},"end":{"line":108,"column":73}},"126":{"start":{"line":116,"column":0},"end":{"line":116,"column":38}}},"fnMap":{"0":{"name":"(anonymous_0)","decl":{"start":{"line":2,"column":74},"end":{"line":2,"column":75}},"loc":{"start":{"line":2,"column":96},"end":{"line":9,"column":1}},"line":2},"1":{"name":"(anonymous_1)","decl":{"start":{"line":6,"column":38},"end":{"line":6,"column":39}},"loc":{"start":{"line":6,"column":49},"end":{"line":6,"column":65}},"line":6},"2":{"name":"(anonymous_2)","decl":{"start":{"line":9,"column":6},"end":{"line":9,"column":7}},"loc":{"start":{"line":9,"column":28},"end":{"line":12,"column":1}},"line":9},"3":{"name":"(anonymous_3)","decl":{"start":{"line":13,"column":80},"end":{"line":13,"column":81}},"loc":{"start":{"line":13,"column":95},"end":{"line":15,"column":1}},"line":13},"4":{"name":"(anonymous_4)","decl":{"start":{"line":15,"column":5},"end":{"line":15,"column":6}},"loc":{"start":{"line":15,"column":20},"end":{"line":17,"column":1}},"line":15},"5":{"name":"(anonymous_5)","decl":{"start":{"line":18,"column":50},"end":{"line":18,"column":51}},"loc":{"start":{"line":18,"column":65},"end":{"line":24,"column":1}},"line":18},"6":{"name":"(anonymous_6)","decl":{"start":{"line":25,"column":44},"end":{"line":25,"column":45}},"loc":{"start":{"line":25,"column":89},"end":{"line":33,"column":1}},"line":25},"7":{"name":"adopt","decl":{"start":{"line":26,"column":13},"end":{"line":26,"column":18}},"loc":{"start":{"line":26,"column":26},"end":{"line":26,"column":112}},"line":26},"8":{"name":"(anonymous_8)","decl":{"start":{"line":26,"column":70},"end":{"line":26,"column":71}},"loc":{"start":{"line":26,"column":89},"end":{"line":26,"column":108}},"line":26},"9":{"name":"(anonymous_9)","decl":{"start":{"line":27,"column":36},"end":{"line":27,"column":37}},"loc":{"start":{"line":27,"column":63},"end":{"line":32,"column":5}},"line":27},"10":{"name":"fulfilled","decl":{"start":{"line":28,"column":17},"end":{"line":28,"column":26}},"loc":{"start":{"line":28,"column":34},"end":{"line":28,"column":99}},"line":28},"11":{"name":"rejected","decl":{"start":{"line":29,"column":17},"end":{"line":29,"column":25}},"loc":{"start":{"line":29,"column":33},"end":{"line":29,"column":102}},"line":29},"12":{"name":"step","decl":{"start":{"line":30,"column":17},"end":{"line":30,"column":21}},"loc":{"start":{"line":30,"column":30},"end":{"line":30,"column":118}},"line":30},"13":{"name":"(anonymous_13)","decl":{"start":{"line":34,"column":48},"end":{"line":34,"column":49}},"loc":{"start":{"line":34,"column":73},"end":{"line":60,"column":1}},"line":34},"14":{"name":"(anonymous_14)","decl":{"start":{"line":35,"column":30},"end":{"line":35,"column":31}},"loc":{"start":{"line":35,"column":41},"end":{"line":35,"column":83}},"line":35},"15":{"name":"(anonymous_15)","decl":{"start":{"line":36,"column":125},"end":{"line":36,"column":126}},"loc":{"start":{"line":36,"column":136},"end":{"line":36,"column":152}},"line":36},"16":{"name":"verb","decl":{"start":{"line":37,"column":13},"end":{"line":37,"column":17}},"loc":{"start":{"line":37,"column":21},"end":{"line":37,"column":70}},"line":37},"17":{"name":"(anonymous_17)","decl":{"start":{"line":37,"column":30},"end":{"line":37,"column":31}},"loc":{"start":{"line":37,"column":43},"end":{"line":37,"column":67}},"line":37},"18":{"name":"step","decl":{"start":{"line":38,"column":13},"end":{"line":38,"column":17}},"loc":{"start":{"line":38,"column":22},"end":{"line":59,"column":5}},"line":38},"19":{"name":"(anonymous_19)","decl":{"start":{"line":64,"column":20},"end":{"line":64,"column":21}},"loc":{"start":{"line":64,"column":43},"end":{"line":115,"column":1}},"line":64},"20":{"name":"(anonymous_20)","decl":{"start":{"line":66,"column":45},"end":{"line":66,"column":46}},"loc":{"start":{"line":66,"column":57},"end":{"line":114,"column":5}},"line":66},"21":{"name":"(anonymous_21)","decl":{"start":{"line":68,"column":33},"end":{"line":68,"column":34}},"loc":{"start":{"line":68,"column":47},"end":{"line":113,"column":9}},"line":68},"22":{"name":"(anonymous_22)","decl":{"start":{"line":72,"column":31},"end":{"line":72,"column":32}},"loc":{"start":{"line":72,"column":49},"end":{"line":79,"column":25}},"line":72},"23":{"name":"(anonymous_23)","decl":{"start":{"line":72,"column":92},"end":{"line":72,"column":93}},"loc":{"start":{"line":72,"column":104},"end":{"line":79,"column":21}},"line":72},"24":{"name":"(anonymous_24)","decl":{"start":{"line":73,"column":49},"end":{"line":73,"column":50}},"loc":{"start":{"line":73,"column":63},"end":{"line":78,"column":25}},"line":73},"25":{"name":"(anonymous_25)","decl":{"start":{"line":80,"column":31},"end":{"line":80,"column":32}},"loc":{"start":{"line":80,"column":49},"end":{"line":87,"column":25}},"line":80},"26":{"name":"(anonymous_26)","decl":{"start":{"line":80,"column":92},"end":{"line":80,"column":93}},"loc":{"start":{"line":80,"column":104},"end":{"line":87,"column":21}},"line":80},"27":{"name":"(anonymous_27)","decl":{"start":{"line":81,"column":49},"end":{"line":81,"column":50}},"loc":{"start":{"line":81,"column":63},"end":{"line":86,"column":25}},"line":81},"28":{"name":"(anonymous_28)","decl":{"start":{"line":88,"column":28},"end":{"line":88,"column":29}},"loc":{"start":{"line":88,"column":46},"end":{"line":95,"column":25}},"line":88},"29":{"name":"(anonymous_29)","decl":{"start":{"line":88,"column":89},"end":{"line":88,"column":90}},"loc":{"start":{"line":88,"column":101},"end":{"line":95,"column":21}},"line":88},"30":{"name":"(anonymous_30)","decl":{"start":{"line":89,"column":49},"end":{"line":89,"column":50}},"loc":{"start":{"line":89,"column":63},"end":{"line":94,"column":25}},"line":89},"31":{"name":"(anonymous_31)","decl":{"start":{"line":96,"column":28},"end":{"line":96,"column":29}},"loc":{"start":{"line":96,"column":46},"end":{"line":103,"column":25}},"line":96},"32":{"name":"(anonymous_32)","decl":{"start":{"line":96,"column":89},"end":{"line":96,"column":90}},"loc":{"start":{"line":96,"column":101},"end":{"line":103,"column":21}},"line":96},"33":{"name":"(anonymous_33)","decl":{"start":{"line":97,"column":49},"end":{"line":97,"column":50}},"loc":{"start":{"line":97,"column":63},"end":{"line":102,"column":25}},"line":97},"34":{"name":"(anonymous_34)","decl":{"start":{"line":104,"column":28},"end":{"line":104,"column":29}},"loc":{"start":{"line":104,"column":46},"end":{"line":111,"column":25}},"line":104},"35":{"name":"(anonymous_35)","decl":{"start":{"line":104,"column":89},"end":{"line":104,"column":90}},"loc":{"start":{"line":104,"column":101},"end":{"line":111,"column":21}},"line":104},"36":{"name":"(anonymous_36)","decl":{"start":{"line":105,"column":49},"end":{"line":105,"column":50}},"loc":{"start":{"line":105,"column":63},"end":{"line":110,"column":25}},"line":105}},"branchMap":{"0":{"loc":{"start":{"line":2,"column":22},"end":{"line":12,"column":3}},"type":"binary-expr","locations":[{"start":{"line":2,"column":23},"end":{"line":2,"column":27}},{"start":{"line":2,"column":31},"end":{"line":2,"column":51}},{"start":{"line":2,"column":57},"end":{"line":12,"column":2}}],"line":2},"1":{"loc":{"start":{"line":2,"column":57},"end":{"line":12,"column":2}},"type":"cond-expr","locations":[{"start":{"line":2,"column":74},"end":{"line":9,"column":1}},{"start":{"line":9,"column":6},"end":{"line":12,"column":1}}],"line":2},"2":{"loc":{"start":{"line":3,"column":4},"end":{"line":3,"column":33}},"type":"if","locations":[{"start":{"line":3,"column":4},"end":{"line":3,"column":33}},{"start":{"line":3,"column":4},"end":{"line":3,"column":33}}],"line":3},"3":{"loc":{"start":{"line":5,"column":4},"end":{"line":7,"column":5}},"type":"if","locations":[{"start":{"line":5,"column":4},"end":{"line":7,"column":5}},{"start":{"line":5,"column":4},"end":{"line":7,"column":5}}],"line":5},"4":{"loc":{"start":{"line":5,"column":8},"end":{"line":5,"column":85}},"type":"binary-expr","locations":[{"start":{"line":5,"column":8},"end":{"line":5,"column":13}},{"start":{"line":5,"column":18},"end":{"line":5,"column":84}}],"line":5},"5":{"loc":{"start":{"line":5,"column":18},"end":{"line":5,"column":84}},"type":"cond-expr","locations":[{"start":{"line":5,"column":34},"end":{"line":5,"column":47}},{"start":{"line":5,"column":50},"end":{"line":5,"column":84}}],"line":5},"6":{"loc":{"start":{"line":5,"column":50},"end":{"line":5,"column":84}},"type":"binary-expr","locations":[{"start":{"line":5,"column":50},"end":{"line":5,"column":63}},{"start":{"line":5,"column":67},"end":{"line":5,"column":84}}],"line":5},"7":{"loc":{"start":{"line":10,"column":4},"end":{"line":10,"column":33}},"type":"if","locations":[{"start":{"line":10,"column":4},"end":{"line":10,"column":33}},{"start":{"line":10,"column":4},"end":{"line":10,"column":33}}],"line":10},"8":{"loc":{"start":{"line":13,"column":25},"end":{"line":17,"column":2}},"type":"binary-expr","locations":[{"start":{"line":13,"column":26},"end":{"line":13,"column":30}},{"start":{"line":13,"column":34},"end":{"line":13,"column":57}},{"start":{"line":13,"column":63},"end":{"line":17,"column":1}}],"line":13},"9":{"loc":{"start":{"line":13,"column":63},"end":{"line":17,"column":1}},"type":"cond-expr","locations":[{"start":{"line":13,"column":80},"end":{"line":15,"column":1}},{"start":{"line":15,"column":5},"end":{"line":17,"column":1}}],"line":13},"10":{"loc":{"start":{"line":18,"column":19},"end":{"line":24,"column":1}},"type":"binary-expr","locations":[{"start":{"line":18,"column":20},"end":{"line":18,"column":24}},{"start":{"line":18,"column":28},"end":{"line":18,"column":45}},{"start":{"line":18,"column":50},"end":{"line":24,"column":1}}],"line":18},"11":{"loc":{"start":{"line":19,"column":4},"end":{"line":19,"column":42}},"type":"if","locations":[{"start":{"line":19,"column":4},"end":{"line":19,"column":42}},{"start":{"line":19,"column":4},"end":{"line":19,"column":42}}],"line":19},"12":{"loc":{"start":{"line":19,"column":8},"end":{"line":19,"column":29}},"type":"binary-expr","locations":[{"start":{"line":19,"column":8},"end":{"line":19,"column":11}},{"start":{"line":19,"column":15},"end":{"line":19,"column":29}}],"line":19},"13":{"loc":{"start":{"line":21,"column":4},"end":{"line":21,"column":141}},"type":"if","locations":[{"start":{"line":21,"column":4},"end":{"line":21,"column":141}},{"start":{"line":21,"column":4},"end":{"line":21,"column":141}}],"line":21},"14":{"loc":{"start":{"line":21,"column":40},"end":{"line":21,"column":141}},"type":"if","locations":[{"start":{"line":21,"column":40},"end":{"line":21,"column":141}},{"start":{"line":21,"column":40},"end":{"line":21,"column":141}}],"line":21},"15":{"loc":{"start":{"line":21,"column":44},"end":{"line":21,"column":107}},"type":"binary-expr","locations":[{"start":{"line":21,"column":44},"end":{"line":21,"column":59}},{"start":{"line":21,"column":63},"end":{"line":21,"column":107}}],"line":21},"16":{"loc":{"start":{"line":25,"column":16},"end":{"line":33,"column":1}},"type":"binary-expr","locations":[{"start":{"line":25,"column":17},"end":{"line":25,"column":21}},{"start":{"line":25,"column":25},"end":{"line":25,"column":39}},{"start":{"line":25,"column":44},"end":{"line":33,"column":1}}],"line":25},"17":{"loc":{"start":{"line":26,"column":35},"end":{"line":26,"column":109}},"type":"cond-expr","locations":[{"start":{"line":26,"column":56},"end":{"line":26,"column":61}},{"start":{"line":26,"column":64},"end":{"line":26,"column":109}}],"line":26},"18":{"loc":{"start":{"line":27,"column":16},"end":{"line":27,"column":34}},"type":"binary-expr","locations":[{"start":{"line":27,"column":16},"end":{"line":27,"column":17}},{"start":{"line":27,"column":22},"end":{"line":27,"column":33}}],"line":27},"19":{"loc":{"start":{"line":30,"column":32},"end":{"line":30,"column":115}},"type":"cond-expr","locations":[{"start":{"line":30,"column":46},"end":{"line":30,"column":67}},{"start":{"line":30,"column":70},"end":{"line":30,"column":115}}],"line":30},"20":{"loc":{"start":{"line":31,"column":51},"end":{"line":31,"column":67}},"type":"binary-expr","locations":[{"start":{"line":31,"column":51},"end":{"line":31,"column":61}},{"start":{"line":31,"column":65},"end":{"line":31,"column":67}}],"line":31},"21":{"loc":{"start":{"line":34,"column":18},"end":{"line":60,"column":1}},"type":"binary-expr","locations":[{"start":{"line":34,"column":19},"end":{"line":34,"column":23}},{"start":{"line":34,"column":27},"end":{"line":34,"column":43}},{"start":{"line":34,"column":48},"end":{"line":60,"column":1}}],"line":34},"22":{"loc":{"start":{"line":35,"column":43},"end":{"line":35,"column":68}},"type":"if","locations":[{"start":{"line":35,"column":43},"end":{"line":35,"column":68}},{"start":{"line":35,"column":43},"end":{"line":35,"column":68}}],"line":35},"23":{"loc":{"start":{"line":36,"column":71},"end":{"line":36,"column":153}},"type":"binary-expr","locations":[{"start":{"line":36,"column":71},"end":{"line":36,"column":99}},{"start":{"line":36,"column":104},"end":{"line":36,"column":152}}],"line":36},"24":{"loc":{"start":{"line":39,"column":8},"end":{"line":39,"column":70}},"type":"if","locations":[{"start":{"line":39,"column":8},"end":{"line":39,"column":70}},{"start":{"line":39,"column":8},"end":{"line":39,"column":70}}],"line":39},"25":{"loc":{"start":{"line":41,"column":12},"end":{"line":41,"column":169}},"type":"if","locations":[{"start":{"line":41,"column":12},"end":{"line":41,"column":169}},{"start":{"line":41,"column":12},"end":{"line":41,"column":169}}],"line":41},"26":{"loc":{"start":{"line":41,"column":23},"end":{"line":41,"column":158}},"type":"binary-expr","locations":[{"start":{"line":41,"column":23},"end":{"line":41,"column":24}},{"start":{"line":41,"column":29},"end":{"line":41,"column":125}},{"start":{"line":41,"column":130},"end":{"line":41,"column":158}}],"line":41},"27":{"loc":{"start":{"line":41,"column":33},"end":{"line":41,"column":125}},"type":"cond-expr","locations":[{"start":{"line":41,"column":45},"end":{"line":41,"column":56}},{"start":{"line":41,"column":59},"end":{"line":41,"column":125}}],"line":41},"28":{"loc":{"start":{"line":41,"column":59},"end":{"line":41,"column":125}},"type":"cond-expr","locations":[{"start":{"line":41,"column":67},"end":{"line":41,"column":116}},{"start":{"line":41,"column":119},"end":{"line":41,"column":125}}],"line":41},"29":{"loc":{"start":{"line":41,"column":67},"end":{"line":41,"column":116}},"type":"binary-expr","locations":[{"start":{"line":41,"column":67},"end":{"line":41,"column":77}},{"start":{"line":41,"column":82},"end":{"line":41,"column":115}}],"line":41},"30":{"loc":{"start":{"line":41,"column":82},"end":{"line":41,"column":112}},"type":"binary-expr","locations":[{"start":{"line":41,"column":83},"end":{"line":41,"column":98}},{"start":{"line":41,"column":103},"end":{"line":41,"column":112}}],"line":41},"31":{"loc":{"start":{"line":42,"column":12},"end":{"line":42,"column":52}},"type":"if","locations":[{"start":{"line":42,"column":12},"end":{"line":42,"column":52}},{"start":{"line":42,"column":12},"end":{"line":42,"column":52}}],"line":42},"32":{"loc":{"start":{"line":43,"column":12},"end":{"line":55,"column":13}},"type":"switch","locations":[{"start":{"line":44,"column":16},"end":{"line":44,"column":23}},{"start":{"line":44,"column":24},"end":{"line":44,"column":46}},{"start":{"line":45,"column":16},"end":{"line":45,"column":72}},{"start":{"line":46,"column":16},"end":{"line":46,"column":65}},{"start":{"line":47,"column":16},"end":{"line":47,"column":65}},{"start":{"line":48,"column":16},"end":{"line":54,"column":43}}],"line":43},"33":{"loc":{"start":{"line":49,"column":20},"end":{"line":49,"column":128}},"type":"if","locations":[{"start":{"line":49,"column":20},"end":{"line":49,"column":128}},{"start":{"line":49,"column":20},"end":{"line":49,"column":128}}],"line":49},"34":{"loc":{"start":{"line":49,"column":24},"end":{"line":49,"column":106}},"type":"binary-expr","locations":[{"start":{"line":49,"column":24},"end":{"line":49,"column":74}},{"start":{"line":49,"column":79},"end":{"line":49,"column":90}},{"start":{"line":49,"column":94},"end":{"line":49,"column":105}}],"line":49},"35":{"loc":{"start":{"line":49,"column":42},"end":{"line":49,"column":73}},"type":"binary-expr","locations":[{"start":{"line":49,"column":42},"end":{"line":49,"column":54}},{"start":{"line":49,"column":58},"end":{"line":49,"column":73}}],"line":49},"36":{"loc":{"start":{"line":50,"column":20},"end":{"line":50,"column":106}},"type":"if","locations":[{"start":{"line":50,"column":20},"end":{"line":50,"column":106}},{"start":{"line":50,"column":20},"end":{"line":50,"column":106}}],"line":50},"37":{"loc":{"start":{"line":50,"column":24},"end":{"line":50,"column":77}},"type":"binary-expr","locations":[{"start":{"line":50,"column":24},"end":{"line":50,"column":35}},{"start":{"line":50,"column":40},"end":{"line":50,"column":42}},{"start":{"line":50,"column":47},"end":{"line":50,"column":59}},{"start":{"line":50,"column":63},"end":{"line":50,"column":75}}],"line":50},"38":{"loc":{"start":{"line":51,"column":20},"end":{"line":51,"column":89}},"type":"if","locations":[{"start":{"line":51,"column":20},"end":{"line":51,"column":89}},{"start":{"line":51,"column":20},"end":{"line":51,"column":89}}],"line":51},"39":{"loc":{"start":{"line":51,"column":24},"end":{"line":51,"column":53}},"type":"binary-expr","locations":[{"start":{"line":51,"column":24},"end":{"line":51,"column":35}},{"start":{"line":51,"column":39},"end":{"line":51,"column":53}}],"line":51},"40":{"loc":{"start":{"line":52,"column":20},"end":{"line":52,"column":87}},"type":"if","locations":[{"start":{"line":52,"column":20},"end":{"line":52,"column":87}},{"start":{"line":52,"column":20},"end":{"line":52,"column":87}}],"line":52},"41":{"loc":{"start":{"line":52,"column":24},"end":{"line":52,"column":43}},"type":"binary-expr","locations":[{"start":{"line":52,"column":24},"end":{"line":52,"column":25}},{"start":{"line":52,"column":29},"end":{"line":52,"column":43}}],"line":52},"42":{"loc":{"start":{"line":53,"column":20},"end":{"line":53,"column":42}},"type":"if","locations":[{"start":{"line":53,"column":20},"end":{"line":53,"column":42}},{"start":{"line":53,"column":20},"end":{"line":53,"column":42}}],"line":53},"43":{"loc":{"start":{"line":58,"column":8},"end":{"line":58,"column":35}},"type":"if","locations":[{"start":{"line":58,"column":8},"end":{"line":58,"column":35}},{"start":{"line":58,"column":8},"end":{"line":58,"column":35}}],"line":58},"44":{"loc":{"start":{"line":58,"column":52},"end":{"line":58,"column":74}},"type":"cond-expr","locations":[{"start":{"line":58,"column":60},"end":{"line":58,"column":65}},{"start":{"line":58,"column":68},"end":{"line":58,"column":74}}],"line":58},"45":{"loc":{"start":{"line":65,"column":4},"end":{"line":65,"column":38}},"type":"if","locations":[{"start":{"line":65,"column":4},"end":{"line":65,"column":38}},{"start":{"line":65,"column":4},"end":{"line":65,"column":38}}],"line":65},"46":{"loc":{"start":{"line":74,"column":28},"end":{"line":77,"column":29}},"type":"switch","locations":[{"start":{"line":75,"column":32},"end":{"line":75,"column":92}},{"start":{"line":76,"column":32},"end":{"line":76,"column":73}}],"line":74},"47":{"loc":{"start":{"line":82,"column":28},"end":{"line":85,"column":29}},"type":"switch","locations":[{"start":{"line":83,"column":32},"end":{"line":83,"column":91}},{"start":{"line":84,"column":32},"end":{"line":84,"column":73}}],"line":82},"48":{"loc":{"start":{"line":90,"column":28},"end":{"line":93,"column":29}},"type":"switch","locations":[{"start":{"line":91,"column":32},"end":{"line":91,"column":93}},{"start":{"line":92,"column":32},"end":{"line":92,"column":73}}],"line":90},"49":{"loc":{"start":{"line":98,"column":28},"end":{"line":101,"column":29}},"type":"switch","locations":[{"start":{"line":99,"column":32},"end":{"line":99,"column":91}},{"start":{"line":100,"column":32},"end":{"line":100,"column":73}}],"line":98},"50":{"loc":{"start":{"line":106,"column":28},"end":{"line":109,"column":29}},"type":"switch","locations":[{"start":{"line":107,"column":32},"end":{"line":107,"column":94}},{"start":{"line":108,"column":32},"end":{"line":108,"column":73}}],"line":106}},"s":{"0":1,"1":347,"2":347,"3":347,"4":347,"5":347,"6":4,"7":347,"8":0,"9":0,"10":0,"11":1,"12":1,"13":0,"14":1,"15":1,"16":0,"17":1,"18":1,"19":1,"20":347,"21":347,"22":1,"23":1,"24":1,"25":15,"26":15,"27":41,"28":15,"29":15,"30":0,"31":0,"32":0,"33":0,"34":56,"35":41,"36":1,"37":41,"38":15,"39":0,"40":15,"41":41,"42":0,"43":123,"44":56,"45":56,"46":0,"47":56,"48":112,"49":112,"50":0,"51":112,"52":0,"53":112,"54":56,"55":56,"56":15,"57":15,"58":0,"59":0,"60":0,"61":0,"62":0,"63":0,"64":0,"65":41,"66":41,"67":41,"68":0,"69":0,"70":0,"71":0,"72":0,"73":0,"74":0,"75":0,"76":0,"77":0,"78":0,"79":0,"80":0,"81":0,"82":0,"83":56,"84":0,"85":0,"86":112,"87":41,"88":0,"89":41,"90":1,"91":1,"92":1,"93":1,"94":26,"95":2,"96":26,"97":26,"98":26,"99":26,"100":26,"101":3,"102":3,"103":6,"104":3,"105":3,"106":3,"107":3,"108":6,"109":3,"110":3,"111":3,"112":3,"113":6,"114":3,"115":3,"116":3,"117":3,"118":6,"119":3,"120":3,"121":3,"122":3,"123":6,"124":3,"125":3,"126":1},"f":{"0":347,"1":4,"2":0,"3":1,"4":0,"5":1,"6":41,"7":15,"8":15,"9":41,"10":15,"11":0,"12":56,"13":41,"14":15,"15":0,"16":123,"17":56,"18":56,"19":26,"20":26,"21":26,"22":3,"23":3,"24":6,"25":3,"26":3,"27":6,"28":3,"29":3,"30":6,"31":3,"32":3,"33":6,"34":3,"35":3,"36":6},"b":{"0":[1,1,1],"1":[1,0],"2":[347,0],"3":[347,0],"4":[347,347],"5":[1,346],"6":[346,0],"7":[0,0],"8":[1,1,1],"9":[1,0],"10":[1,1,1],"11":[0,1],"12":[1,1],"13":[1,0],"14":[347,0],"15":[347,347],"16":[1,1,1],"17":[0,15],"18":[41,41],"19":[41,15],"20":[41,41],"21":[1,1,1],"22":[0,15],"23":[41,41],"24":[0,56],"25":[0,112],"26":[112,0,0],"27":[0,0],"28":[0,0],"29":[0,0],"30":[0,0],"31":[0,112],"32":[56,56,15,0,0,41],"33":[41,0],"34":[41,41,41],"35":[41,0],"36":[0,0],"37":[0,0,0,0],"38":[0,0],"39":[0,0],"40":[0,0],"41":[0,0],"42":[0,0],"43":[0,41],"44":[41,0],"45":[2,24],"46":[3,3],"47":[3,3],"48":[3,3],"49":[3,3],"50":[3,3]},"inputSourceMap":{"version":3,"file":"C:\\Users\\coelh\\Documents\\Dev\\iClubs-Planning-Poker\\planning-poker-backend\\app\\src\\repositories\\DynamoDB.ts","sources":["C:\\Users\\coelh\\Documents\\Dev\\iClubs-Planning-Poker\\planning-poker-backend\\app\\src\\repositories\\DynamoDB.ts"],"names":[],"mappings":";;;;;;;;;;;;;;;;;;;;;;;;;;;;;;;;;;;;;;;;;;;;;;;;;;;;;;;;;;;;;;AAAA,2CAA+B;AAGxB,IAAM,aAAa,GAAc,UAAO,MAAe,EAAE,GAAc;IAAd,oBAAA,EAAA,SAAc;;;;YAC1E,GAAG,CAAC,MAAM,CAAC,MAAM,CAAC,EAAC,MAAM,EAAE,MAAM,CAAC,MAAM,EAAC,CAAC,CAAC;YACrC,MAAM,GAAG,IAAI,GAAG,CAAC,QAAQ,CAAC,cAAc,EAAE,CAAC;YAEjD,sBAAO;oBACH,SAAS,EAAE,UAAO,MAAM;;;wCACb,qBAAM,MAAM,CAAC,IAAI,CAAC,MAAM,CAAC,CAAC,OAAO,EAAE,EAAA;wCAA1C,sBAAO,SAAmC,EAAC;;;yBAC9C;oBACD,SAAS,EAAE,UAAO,MAAM;;;wCACb,qBAAM,MAAM,CAAC,GAAG,CAAC,MAAM,CAAC,CAAC,OAAO,EAAE,EAAA;wCAAzC,sBAAO,SAAkC,EAAC;;;yBAC7C;oBACD,MAAM,EAAE,UAAO,MAAM;;;wCACV,qBAAM,MAAM,CAAC,KAAK,CAAC,MAAM,CAAC,CAAC,OAAO,EAAE,EAAA;wCAA3C,sBAAO,SAAoC,EAAC;;;yBAC/C;oBACD,MAAM,EAAE,UAAO,MAAM;;;wCACV,qBAAM,MAAM,CAAC,GAAG,CAAC,MAAM,CAAC,CAAC,OAAO,EAAE,EAAA;wCAAzC,sBAAO,SAAkC,EAAC;;;yBAC7C;oBACD,MAAM,EAAE,UAAO,MAAM;;;wCACV,qBAAM,MAAM,CAAC,MAAM,CAAC,MAAM,CAAC,CAAC,OAAO,EAAE,EAAA;wCAA5C,sBAAO,SAAqC,EAAC;;;yBAChD;iBACJ,EAAA;;;CACJ,CAAA;AArBY,QAAA,aAAa,iBAqBzB","sourcesContent":["import * as AWS from 'aws-sdk';\nimport { IConfig } from '../interfaces/IConfig';\nimport { IDynamoDB } from '../interfaces/IDynamoDB';\nexport const dynamo_client: IDynamoDB = async (config: IConfig, sdk: any = AWS) => {\n    sdk.config.update({region: config.REGION});\n    const dynamo = new sdk.DynamoDB.DocumentClient();\n\n    return {\n        fetch_all: async (params) => {\n            return await dynamo.scan(params).promise();\n        },\n        fetch_one: async (params) => {\n            return await dynamo.get(params).promise();\n        },\n        search: async (params) => {\n            return await dynamo.query(params).promise();\n        },\n        insert: async (params) => {\n            return await dynamo.put(params).promise();\n        },\n        update: async (params) => {\n            return await dynamo.update(params).promise();\n        },\n    }\n}"]},"_coverageSchema":"1a1c01bbd47fc00a2c39e90264f33305004495a9","hash":"ae65064454aff09c4f5598e84c9d4d890938dba4","contentHash":"d97486988af76abfe53fb9ca676eda08bf248cf5017ab21cf617b6273954f173"},"C:\\Users\\coelh\\Documents\\Dev\\iClubs-Planning-Poker\\planning-poker-backend\\app\\src\\utils\\Logger.ts":{"path":"C:\\Users\\coelh\\Documents\\Dev\\iClubs-Planning-Poker\\planning-poker-backend\\app\\src\\utils\\Logger.ts","statementMap":{"0":{"start":{"line":2,"column":13},"end":{"line":17,"column":1}},"1":{"start":{"line":3,"column":12},"end":{"line":3,"column":62}},"2":{"start":{"line":4,"column":4},"end":{"line":4,"column":21}},"3":{"start":{"line":4,"column":12},"end":{"line":4,"column":21}},"4":{"start":{"line":5,"column":12},"end":{"line":5,"column":21}},"5":{"start":{"line":5,"column":31},"end":{"line":5,"column":33}},"6":{"start":{"line":6,"column":4},"end":{"line":15,"column":5}},"7":{"start":{"line":7,"column":8},"end":{"line":7,"column":83}},"8":{"start":{"line":7,"column":66},"end":{"line":7,"column":83}},"9":{"start":{"line":9,"column":20},"end":{"line":9,"column":41}},"10":{"start":{"line":11,"column":8},"end":{"line":14,"column":41}},"11":{"start":{"line":12,"column":12},"end":{"line":12,"column":61}},"12":{"start":{"line":12,"column":51},"end":{"line":12,"column":61}},"13":{"start":{"line":14,"column":18},"end":{"line":14,"column":39}},"14":{"start":{"line":14,"column":25},"end":{"line":14,"column":39}},"15":{"start":{"line":16,"column":4},"end":{"line":16,"column":14}},"16":{"start":{"line":18,"column":20},"end":{"line":26,"column":1}},"17":{"start":{"line":19,"column":4},"end":{"line":24,"column":5}},"18":{"start":{"line":19,"column":40},"end":{"line":24,"column":5}},"19":{"start":{"line":19,"column":53},"end":{"line":19,"column":54}},"20":{"start":{"line":19,"column":60},"end":{"line":19,"column":71}},"21":{"start":{"line":20,"column":8},"end":{"line":23,"column":9}},"22":{"start":{"line":21,"column":12},"end":{"line":21,"column":65}},"23":{"start":{"line":21,"column":21},"end":{"line":21,"column":65}},"24":{"start":{"line":22,"column":12},"end":{"line":22,"column":28}},"25":{"start":{"line":25,"column":4},"end":{"line":25,"column":61}},"26":{"start":{"line":27,"column":0},"end":{"line":27,"column":62}},"27":{"start":{"line":28,"column":0},"end":{"line":28,"column":24}},"28":{"start":{"line":29,"column":13},"end":{"line":92,"column":1}},"29":{"start":{"line":30,"column":4},"end":{"line":30,"column":46}},"30":{"start":{"line":30,"column":28},"end":{"line":30,"column":44}},"31":{"start":{"line":31,"column":4},"end":{"line":31,"column":56}},"32":{"start":{"line":31,"column":31},"end":{"line":31,"column":54}},"33":{"start":{"line":32,"column":14},"end":{"line":38,"column":5}},"34":{"start":{"line":33,"column":19},"end":{"line":33,"column":21}},"35":{"start":{"line":34,"column":8},"end":{"line":36,"column":9}},"36":{"start":{"line":34,"column":22},"end":{"line":34,"column":23}},"37":{"start":{"line":35,"column":12},"end":{"line":35,"column":37}},"38":{"start":{"line":37,"column":8},"end":{"line":37,"column":71}},"39":{"start":{"line":39,"column":20},"end":{"line":47,"column":5}},"40":{"start":{"line":40,"column":19},"end":{"line":40,"column":21}},"41":{"start":{"line":41,"column":8},"end":{"line":43,"column":9}},"42":{"start":{"line":41,"column":22},"end":{"line":41,"column":23}},"43":{"start":{"line":42,"column":12},"end":{"line":42,"column":37}},"44":{"start":{"line":44,"column":8},"end":{"line":46,"column":9}},"45":{"start":{"line":45,"column":12},"end":{"line":45,"column":75}},"46":{"start":{"line":48,"column":4},"end":{"line":91,"column":6}},"47":{"start":{"line":50,"column":23},"end":{"line":50,"column":25}},"48":{"start":{"line":51,"column":12},"end":{"line":53,"column":13}},"49":{"start":{"line":51,"column":26},"end":{"line":51,"column":27}},"50":{"start":{"line":52,"column":16},"end":{"line":52,"column":41}},"51":{"start":{"line":54,"column":12},"end":{"line":54,"column":78}},"52":{"start":{"line":57,"column":23},"end":{"line":57,"column":25}},"53":{"start":{"line":58,"column":12},"end":{"line":60,"column":13}},"54":{"start":{"line":58,"column":26},"end":{"line":58,"column":27}},"55":{"start":{"line":59,"column":16},"end":{"line":59,"column":41}},"56":{"start":{"line":61,"column":12},"end":{"line":61,"column":81}},"57":{"start":{"line":64,"column":23},"end":{"line":64,"column":25}},"58":{"start":{"line":65,"column":12},"end":{"line":67,"column":13}},"59":{"start":{"line":65,"column":26},"end":{"line":65,"column":27}},"60":{"start":{"line":66,"column":16},"end":{"line":66,"column":41}},"61":{"sta
[...]
{"line":45,"column":59}},"74":{"start":{"line":46,"column":20},"end":{"line":79,"column":5}},"75":{"start":{"line":46,"column":39},"end":{"line":79,"column":3}},"76":{"start":{"line":48,"column":4},"end":{"line":78,"column":7}},"77":{"start":{"line":49,"column":8},"end":{"line":77,"column":9}},"78":{"start":{"line":50,"column":20},"end":{"line":50,"column":79}},"79":{"start":{"line":52,"column":16},"end":{"line":52,"column":36}},"80":{"start":{"line":53,"column":16},"end":{"line":53,"column":34}},"81":{"start":{"line":54,"column":16},"end":{"line":54,"column":29}},"82":{"start":{"line":56,"column":16},"end":{"line":56,"column":42}},"83":{"start":{"line":57,"column":16},"end":{"line":57,"column":57}},"84":{"start":{"line":58,"column":16},"end":{"line":60,"column":17}},"85":{"start":{"line":59,"column":20},"end":{"line":59,"column":52}},"86":{"start":{"line":61,"column":16},"end":{"line":61,"column":128}},"87":{"start":{"line":63,"column":16},"end":{"line":63,"column":33}},"88":{"start":{"line":64,"column":16},"end":{"line":64,"column":55}},"89":{"start":{"line":65,"column":16},"end":{"line":65,"column":100}},"90":{"start":{"line":67,"column":16},"end":{"line":67,"column":26}},"91":{"start":{"line":68,"column":16},"end":{"line":68,"column":60}},"92":{"start":{"line":69,"column":16},"end":{"line":69,"column":108}},"93":{"start":{"line":70,"column":20},"end":{"line":70,"column":53}},"94":{"start":{"line":72,"column":16},"end":{"line":72,"column":32}},"95":{"start":{"line":73,"column":16},"end":{"line":73,"column":37}},"96":{"start":{"line":74,"column":16},"end":{"line":74,"column":112}},"97":{"start":{"line":75,"column":20},"end":{"line":75,"column":53}},"98":{"start":{"line":76,"column":20},"end":{"line":76,"column":42}},"99":{"start":{"line":80,"column":0},"end":{"line":80,"column":38}}},"fnMap":{"0":{"name":"(anonymous_0)","decl":{"start":{"line":2,"column":44},"end":{"line":2,"column":45}},"loc":{"start":{"line":2,"column":89},"end":{"line":10,"column":1}},"line":2},"1":{"name":"adopt","decl":{"start":{"line":3,"column":13},"end":{"line":3,"column":18}},"loc":{"start":{"line":3,"column":26},"end":{"line":3,"column":112}},"line":3},"2":{"name":"(anonymous_2)","decl":{"start":{"line":3,"column":70},"end":{"line":3,"column":71}},"loc":{"start":{"line":3,"column":89},"end":{"line":3,"column":108}},"line":3},"3":{"name":"(anonymous_3)","decl":{"start":{"line":4,"column":36},"end":{"line":4,"column":37}},"loc":{"start":{"line":4,"column":63},"end":{"line":9,"column":5}},"line":4},"4":{"name":"fulfilled","decl":{"start":{"line":5,"column":17},"end":{"line":5,"column":26}},"loc":{"start":{"line":5,"column":34},"end":{"line":5,"column":99}},"line":5},"5":{"name":"rejected","decl":{"start":{"line":6,"column":17},"end":{"line":6,"column":25}},"loc":{"start":{"line":6,"column":33},"end":{"line":6,"column":102}},"line":6},"6":{"name":"step","decl":{"start":{"line":7,"column":17},"end":{"line":7,"column":21}},"loc":{"start":{"line":7,"column":30},"end":{"line":7,"column":118}},"line":7},"7":{"name":"(anonymous_7)","decl":{"start":{"line":11,"column":48},"end":{"line":11,"column":49}},"loc":{"start":{"line":11,"column":73},"end":{"line":37,"column":1}},"line":11},"8":{"name":"(anonymous_8)","decl":{"start":{"line":12,"column":30},"end":{"line":12,"column":31}},"loc":{"start":{"line":12,"column":41},"end":{"line":12,"column":83}},"line":12},"9":{"name":"(anonymous_9)","decl":{"start":{"line":13,"column":125},"end":{"line":13,"column":126}},"loc":{"start":{"line":13,"column":136},"end":{"line":13,"column":152}},"line":13},"10":{"name":"verb","decl":{"start":{"line":14,"column":13},"end":{"line":14,"column":17}},"loc":{"start":{"line":14,"column":21},"end":{"line":14,"column":70}},"line":14},"11":{"name":"(anonymous_11)","decl":{"start":{"line":14,"column":30},"end":{"line":14,"column":31}},"loc":{"start":{"line":14,"column":43},"end":{"line":14,"column":67}},"line":14},"12":{"name":"step","decl":{"start":{"line":15,"column":13},"end":{"line":15,"column":17}},"loc":{"start":{"line":15,"column":22},"end":{"line":36,"column":5}},"line":15},"13":{"name":"(anonymous_13)","decl":{"start":{"line":46,"column":20},"end":{"line":46,"column":21}},"loc":{"start":{"line":46,"column":37},"end":{"line":79,"column":5}},"line":46},"14":{"name":"(anonymous_14)","decl":{"start":{"line":46,"column":80},"end":{"line":46,"column":81}},"loc":{"start":{"line":46,"column":92},"end":{"line":79,"column":1}},"line":46},"15":{"name":"(anonymous_15)","decl":{"start":{"line":48,"column":29},"end":{"line":48,"column":30}},"loc":{"start":{"line":48,"column":43},"end":{"line":78,"column":5}},"line":48}},"branchMap":{"0":{"loc":{"start":{"line":2,"column":16},"end":{"line":10,"column":1}},"type":"binary-expr","locations":[{"start":{"line":2,"column":17},"end":{"line":2,"column":21}},{"start":{"line":2,"column":25},"end":{"line":2,"column":39}},{"start":{"line":2,"column":44},"end":{"line":10,"column":1}}],"line":2},"1":{"loc":{"start":{"line":3,"column":35},"end":{"line":3,"column":109}},"type":"cond-expr","locations":[{"start":{"line":3,"column":56},"end":{"line":3,"column":61}},{"start":{"line":3,"column":64},"end":{"line":3,"column":109}}],"line":3},"2":{"loc":{"start":{"line":4,"column":16},"end":{"line":4,"column":34}},"type":"binary-expr","locations":[{"start":{"line":4,"column":16},"end":{"line":4,"column":17}},{"start":{"line":4,"column":22},"end":{"line":4,"column":33}}],"line":4},"3":{"loc":{"start":{"line":7,"column":32},"end":{"line":7,"column":115}},"type":"cond-expr","locations":[{"start":{"line":7,"column":46},"end":{"line":7,"column":67}},{"start":{"line":7,"column":70},"end":{"line":7,"column":115}}],"line":7},"4":{"loc":{"start":{"line":8,"column":51},"end":{"line":8,"column":67}},"type":"binary-expr","locations":[{"start":{"line":8,"column":51},"end":{"line":8,"column":61}},{"start":{"line":8,"column":65},"end":{"line":8,"column":67}}],"line":8},"5":{"loc":{"start":{"line":11,"column":18},"end":{"line":37,"column":1}},"type":"binary-expr","locations":[{"start":{"line":11,"column":19},"end":{"line":11,"column":23}},{"start":{"line":11,"column":27},"end":{"line":11,"column":43}},{"start":{"line":11,"column":48},"end":{"line":37,"column":1}}],"line":11},"6":{"loc":{"start":{"line":12,"column":43},"end":{"line":12,"column":68}},"type":"if","locations":[{"start":{"line":12,"column":43},"end":{"line":12,"column":68}},{"start":{"line":12,"column":43},"end":{"line":12,"column":68}}],"line":12},"7":{"loc":{"start":{"line":13,"column":71},"end":{"line":13,"column":153}},"type":"binary-expr","locations":[{"start":{"line":13,"column":71},"end":{"line":13,"column":99}},{"start":{"line":13,"column":104},"end":{"line":13,"column":152}}],"line":13},"8":{"loc":{"start":{"line":16,"column":8},"end":{"line":16,"column":70}},"type":"if","locations":[{"start":{"line":16,"column":8},"end":{"line":16,"column":70}},{"start":{"line":16,"column":8},"end":{"line":16,"column":70}}],"line":16},"9":{"loc":{"start":{"line":18,"column":12},"end":{"line":18,"column":169}},"type":"if","locations":[{"start":{"line":18,"column":12},"end":{"line":18,"column":169}},{"start":{"line":18,"column":12},"end":{"line":18,"column":169}}],"line":18},"10":{"loc":{"start":{"line":18,"column":23},"end":{"line":18,"column":158}},"type":"binary-expr","locations":[{"start":{"line":18,"column":23},"end":{"line":18,"column":24}},{"start":{"line":18,"column":29},"end":{"line":18,"column":125}},{"start":{"line":18,"column":130},"end":{"line":18,"column":158}}],"line":18},"11":{"loc":{"start":{"line":18,"column":33},"end":{"line":18,"column":125}},"type":"cond-expr","locations":[{"start":{"line":18,"column":45},"end":{"line":18,"column":56}},{"start":{"line":18,"column":59},"end":{"line":18,"column":125}}],"line":18},"12":{"loc":{"start":{"line":18,"column":59},"end":{"line":18,"column":125}},"type":"cond-expr","locations":[{"start":{"line":18,"column":67},"end":{"line":18,"column":116}},{"start":{"line":18,"column":119},"end":{"line":18,"column":125}}],"line":18},"13":{"loc":{"start":{"line":18,"column":67},"end":{"line":18,"column":116}},"type":"binary-expr","locations":[{"start":{"line":18,"column":67},"end":{"line":18,"column":77}},{"start":{"line":18,"column":82},"end":{"line":18,"column":115}}],"line":18},"14":{"loc":{"start":{"line":18,"column":82},"end":{"line":18,"column":112}},"type":"binary-expr","locations":[{"start":{"line":18,"column":83},"end":{"line":18,"column":98}},{"start":{"line":18,"column":103},"end":{"line":18,"column":112}}],"line":18},"15":{"loc":{"start":{"line":19,"column":12},"end":{"line":19,"column":52}},"type":"if","locations":[{"start":{"line":19,"column":12},"end":{"line":19,"column":52}},{"start":{"line":19,"column":12},"end":{"line":19,"column":52}}],"line":19},"16":{"loc":{"start":{"line":20,"column":12},"end":{"line":32,"column":13}},"type":"switch","locations":[{"start":{"line":21,"column":16},"end":{"line":21,"column":23}},{"start":{"line":21,"column":24},"end":{"line":21,"column":46}},{"start":{"line":22,"column":16},"end":{"line":22,"column":72}},{"start":{"line":23,"column":16},"end":{"line":23,"column":65}},{"start":{"line":24,"column":16},"end":{"line":24,"column":65}},{"start":{"line":25,"column":16},"end":{"line":31,"column":43}}],"line":20},"17":{"loc":{"start":{"line":26,"column":20},"end":{"line":26,"column":128}},"type":"if","locations":[{"start":{"line":26,"column":20},"end":{"line":26,"column":128}},{"start":{"line":26,"column":20},"end":{"line":26,"column":128}}],"line":26},"18":{"loc":{"start":{"line":26,"column":24},"end":{"line":26,"column":106}},"type":"binary-expr","locations":[{"start":{"line":26,"column":24},"end":{"line":26,"column":74}},{"start":{"line":26,"column":79},"end":{"line":26,"column":90}},{"start":{"line":26,"column":94},"end":{"line":26,"column":105}}],"line":26},"19":{"loc":{"start":{"line":26,"column":42},"end":{"line":26,"column":73}},"type":"binary-expr","locations":[{"start":{"line":26,"column":42},"end":{"line":26,"column":54}},{"start":{"line":26,"column":58},"end":{"line":26,"column":73}}],"line":26},"20":{"loc":{"start":{"line":27,"column":20},"end":{"line":27,"column":106}},"type":"if","locations":[{"start":{"line":27,"column":20},"end":{"line":27,"column":106}},{"start":{"line":27,"column":20},"end":{"line":27,"column":106}}],"line":27},"21":{"loc":{"start":{"line":27,"column":24},"end":{"line":27,"column":77}},"type":"binary-expr","locations":[{"start":{"line":27,"column":24},"end":{"line":27,"column":35}},{"start":{"line":27,"column":40},"end":{"line":27,"column":42}},{"start":{"line":27,"column":47},"end":{"line":27,"column":59}},{"start":{"line":27,"column":63},"end":{"line":27,"column":75}}],"line":27},"22":{"loc":{"start":{"line":28,"column":20},"end":{"line":28,"column":89}},"type":"if","locations":[{"start":{"line":28,"column":20},"end":{"line":28,"column":89}},{"start":{"line":28,"column":20},"end":{"line":28,"column":89}}],"line":28},"23":{"loc":{"start":{"line":28,"column":24},"end":{"line":28,"column":53}},"type":"binary-expr","locations":[{"start":{"line":28,"column":24},"end":{"line":28,"column":35}},{"start":{"line":28,"column":39},"end":{"line":28,"column":53}}],"line":28},"24":{"loc":{"start":{"line":29,"column":20},"end":{"line":29,"column":87}},"type":"if","locations":[{"start":{"line":29,"column":20},"end":{"line":29,"column":87}},{"start":{"line":29,"column":20},"end":{"line":29,"column":87}}],"line":29},"25":{"loc":{"start":{"line":29,"column":24},"end":{"line":29,"column":43}},"type":"binary-expr","locations":[{"start":{"line":29,"column":24},"end":{"line":29,"column":25}},{"start":{"line":29,"column":29},"end":{"line":29,"column":43}}],"line":29},"26":{"loc":{"start":{"line":30,"column":20},"end":{"line":30,"column":42}},"type":"if","locations":[{"start":{"line":30,"column":20},"end":{"line":30,"column":42}},{"start":{"line":30,"column":20},"end":{"line":30,"column":42}}],"line":30},"27":{"loc":{"start":{"line":35,"column":8},"end":{"line":35,"column":35}},"type":"if","locations":[{"start":{"line":35,"column":8},"end":{"line":35,"column":35}},{"start":{"line":35,"column":8},"end":{"line":35,"column":35}}],"line":35},"28":{"loc":{"start":{"line":35,"column":52},"end":{"line":35,"column":74}},"type":"cond-expr","locations":[{"start":{"line":35,"column":60},"end":{"line":35,"column":65}},{"start":{"line":35,"column":68},"end":{"line":35,"column":74}}],"line":35},"29":{"loc":{"start":{"line":49,"column":8},"end":{"line":77,"column":9}},"type":"switch","locations":[{"start":{"line":50,"column":12},"end":{"line":50,"column":79}},{"start":{"line":51,"column":12},"end":{"line":54,"column":29}},{"start":{"line":55,"column":12},"end":{"line":61,"column":128}},{"start":{"line":62,"column":12},"end":{"line":65,"column":100}},{"start":{"line":66,"column":12},"end":{"line":69,"column":108}},{"start":{"line":70,"column":12},"end":{"line":70,"column":53}},{"start":{"line":71,"column":12},"end":{"line":74,"column":112}},{"start":{"line":75,"column":12},"end":{"line":75,"column":53}},{"start":{"line":76,"column":12},"end":{"line":76,"column":42}}],"line":49},"30":{"loc":{"start":{"line":58,"column":16},"end":{"line":60,"column":17}},"type":"if","locations":[{"start":{"line":58,"column":16},"end":{"line":60,"column":17}},{"start":{"line":58,"column":16},"end":{"line":60,"column":17}}],"line":58}},"s":{"0":1,"1":8,"2":1,"3":3,"4":8,"5":8,"6":0,"7":0,"8":0,"9":0,"10":11,"11":3,"12":1,"13":3,"14":10,"15":0,"16":10,"17":3,"18":0,"19":9,"20":11,"21":11,"22":0,"23":11,"24":27,"25":27,"26":0,"27":27,"28":0,"29":27,"30":11,"31":11,"32":8,"33":8,"34":0,"35":0,"36":0,"37":0,"38":0,"39":0,"40":0,"41":8,"42":3,"43":3,"44":5,"45":0,"46":0,"47":5,"48":2,"49":2,"50":2,"51":3,"52":0,"53":0,"54":0,"55":3,"56":0,"57":3,"58":3,"59":13,"60":2,"61":2,"62":27,"63":3,"64":0,"65":3,"66":1,"67":1,"68":1,"69":1,"70":1,"71":1,"72":1,"73":1,"74":1,"75":3,"76":3,"77":13,"78":3,"79":3,"80":3,"81":3,"82":3,"83":3,"84":3,"85":1,"86":2,"87":1,"88":1,"89":1,"90":1,"91":1,"92":1,"93":1,"94":2,"95":2,"96":2,"97":2,"98":0,"99":1},"f":{"0":3,"1":8,"2":1,"3":3,"4":8,"5":0,"6":11,"7":3,"8":10,"9":0,"10":9,"11":11,"12":11,"13":3,"14":3,"15":13},"b":{"0":[1,1,1],"1":[7,1],"2":[3,3],"3":[3,8],"4":[3,3],"5":[1,1,1],"6":[0,10],"7":[3,3],"8":[0,11],"9":[0,27],"10":[27,0,0],"11":[0,0],"12":[0,0],"13":[0,0],"14":[0,0],"15":[0,27],"16":[11,11,8,0,0,8],"17":[3,5],"18":[8,3,3],"19":[8,5],"20":[0,5],"21":[5,0,0,0],"22":[2,3],"23":[5,2],"24":[0,3],"25":[3,3],"26":[0,3],"27":[0,3],"28":[3,0],"29":[3,3,3,1,1,1,2,2,0],"30":[1,2]},"inputSourceMap":{"version":3,"file":"C:\\Users\\coelh\\Documents\\Dev\\iClubs-Planning-Poker\\planning-poker-backend\\app\\src\\handler\\NewSprintTask.ts","sources":["C:\\Users\\coelh\\Documents\\Dev\\iClubs-Planning-Poker\\planning-poker-backend\\app\\src\\handler\\NewSprintTask.ts"],"names":[],"mappings":";;;;;;;;;;;;;;;;;;;;;;;;;;;;;;;;;;;;;;;AACA,oDAAmD;AACnD,8CAAgD;AAChD,yDAA6D;AAE7D,uEAAqE;AACrE,sDAAqD;AACrD,4DAAsD;AAE/C,IAAM,aAAa,GAA2B,UAAO,KAAK;;;;oBAC7C,qBAAM,IAAA,6BAAW,GAAE,EAAA;;gBAA7B,OAAO,GAAG,SAAmB;gBAC3B,GAAG,GAAK,OAAO,IAAZ,CAAa;;;;gBAGpB,GAAG,CAAC,IAAI,CAAC,OAAO,EAAE,IAAI,CAAC,SAAS,CAAC,KAAK,CAAC,CAAC,CAAC;gBAEzC,IAAI,CAAC,KAAK,CAAC,IAAI,EAAE;oBACb,MAAM,IAAI,KAAK,CAAC,cAAc,CAAC,CAAC;iBACnC;gBAEY,qBAAM,IAAA,uBAAY,EAAC,mCAAmB,EAAE,IAAI,CAAC,KAAK,CAAC,KAAK,CAAC,IAAI,CAAC,CAAC,EAAA;;gBAAtE,IAAI,GAAG,SAAsF;gBAEnG,GAAG,CAAC,UAAU,CAAC,gBAAgB,EAAE,IAAI,CAAC,CAAA;gBACtC,qBAAM,IAAA,yCAAmB,EAAC,IAAI,EAAE,OAAO,CAAC,EAAA;;gBAAxC,SAAwC,CAAC;gBAEzC,GAAG,CAAC,UAAU,CAAC,2BAA2B,CAAC,CAAA;gBACpC,qBAAM,IAAA,0BAAY,EAAC,wBAAW,CAAC,OAAO,EAAE,EAAI,CAAC,EAAA;oBAApD,sBAAO,SAA6C,EAAC;;;gBAErD,GAAG,CAAC,WAAW,CAAC,GAAC,CAAC,CAAA;gBACX,qBAAM,IAAA,0BAAY,EAAC,wBAAW,CAAC,WAAW,EAAE,EAAI,CAAC,EAAA;oBAAxD,sBAAO,SAAiD,EAAC;;;;KAEhE,CAAA;AAtBY,QAAA,aAAa,iBAsBzB","sourcesContent":["import { APIGatewayProxyHandler } from 'aws-lambda'\nimport { api_response } from '../utils/ApiResponse'\nimport { validate_joi } from '../utils/Validate'\nimport { newSprintTaskSchema } from '../schema/NewSprintTask'\nimport { INewTask } from '../interfaces/INewTask'\nimport { createNewSprintTask } from '../business/CreateNewSprintTask'\nimport { status_code } from '../constants/StatusCode'\nimport { gen_options } from '../utils/GenerateOptions'\n\nexport const newSprintTask: APIGatewayProxyHandler = async (event) => {\n    const options = await gen_options()\n    const { log } = options;\n\n    try{\n        log.info(\"Event\", JSON.stringify(event));\n\n        if (!event.body) {\n            throw new Error('missing body');\n        }\n        \n        const body = await validate_joi(newSprintTaskSchema, JSON.parse(event.body)) as unknown as INewTask\n\n        log.debug_info(\"Validated Body\", body)\n        await createNewSprintTask(body, options);\n\n        log.debug_info(\"Returning Success Message\")\n        return await api_response(status_code.CREATED, {  });\n    }catch(e){\n        log.debug_error(e)\n        return await api_response(status_code.BAD_REQUEST, {  });\n    }\n}"]},"_coverageSchema":"1a1c01bbd47fc00a2c39e90264f33305004495a9","hash":"bd4eecb6b2c749ced7120033f6b2377554ea72d7","contentHash":"655ae3ac2cb09c455f41c409fc78ecfdc53294622e1ec9947d64208f23f2a6b5"},"C:\\Users\\coelh\\Documents\\Dev\\iClubs-Planning-Poker\\planning-poker-backend\\app\\src\\schema\\NewSprintTask.ts":{"path":"C:\\Users\\coelh\\Documents\\Dev\\iClubs-Planning-Poker\\planning-poker-backend\\app\\src\\schema\\NewSprintTask.ts","statementMap":{"0":{"start":{"line":2,"column":22},"end":{"line":4,"column":1}},"1":{"start":{"line":3,"column":4},"end":{"line":3,"column":62}},"2":{"start":{"line":5,"column":0},"end":{"line":5,"column":62}},"3":{"start":{"line":6,"column":0},"end":{"line":6,"column":37}},"4":{"start":{"line":7,"column":12},"end":{"line":7,"column":43}},"5":{"start":{"line":8,"column":0},"end":{"line":13,"column":3}}},"fnMap":{"0":{"name":"(anonymous_0)","decl":{"start":{"line":2,"column":56},"end":{"line":2,"column":57}},"loc":{"start":{"line":2,"column":71},"end":{"line":4,"column":1}},"line":2}},"branchMap":{"0":{"loc":{"start":{"line":2,"column":22},"end":{"line":4,"column":1}},"type":"binary-expr","locations":[{"start":{"line":2,"column":23},"end":{"line":2,"column":27}},{"start":{"line":2,"column":31},"end":{"line":2,"column":51}},{"start":{"line":2,"column":56},"end":{"line":4,"column":1}}],"line":2},"1":{"loc":{"start":{"line":3,"column":11},"end":{"line":3,"column":61}},"type":"cond-expr","locations":[{"start":{"line":3,"column":37},"end":{"line":3,"column":40}},{"start":{"line":3,"column":43},"end":{"line":3,"column":61}}],"line":3},"2":{"loc":{"start":{"line":3,"column":12},"end":{"line":3,"column":33}},"type":"binary-expr","locations":[{"start":{"line":3,"column":12},"end":{"line":3,"column":15}},{"start":{"line":3,"column":19},"end":{"line":3,"column":33}}],"line":3}},"s":{"0":1,"1":1,"2":1,"3":1,"4":1,"5":1},"f":{"0":1},"b":{"0":[1,1,1],"1":[0,1],"2":[1,1]},"inputSourceMap":{"version":3,"file":"C:\\Users\\coelh\\Documents\\Dev\\iClubs-Planning-Poker\\planning-poker-backend\\app\\src\\schema\\NewSprintTask.ts","sources":["C:\\Users\\coelh\\Documents\\Dev\\iClubs-Planning-Poker\\planning-poker-backend\\app\\src\\schema\\NewSprintTask.ts"],"names":[],"mappings":";;;;;;AAAA,4CAAqB;AAER,QAAA,mBAAmB,GAAG,aAAG,CAAC,MAAM,CAAC;IAC1C,SAAS,EAAE,aAAG,CAAC,MAAM,EAAE,CAAC,QAAQ,EAAE;IAClC,OAAO,EAAE,aAAG,CAAC,MAAM,EAAE,CAAC,QAAQ,EAAE;IAChC,SAAS,EAAE,aAAG,CAAC,MAAM,EAAE;IACvB,MAAM,EAAE,aAAG,CAAC,OAAO,EAAE,CAAC,OAAO,CAAC,KAAK,CAAC;CACvC,CAAC,CAAC","sourcesContent":["import Joi from 'joi'\n\nexport const newSprintTaskSchema = Joi.object({\n    sprint_id: Joi.string().required(),\n    task_id: Joi.string().required(),\n    task_desc: Joi.string(),\n    voting: Joi.boolean().default(false),\n});"]},"_coverageSchema":"1a1c01bbd47fc00a2c39e90264f33305004495a9","hash":"d93784f246d5a4e5834d09bc772bfc50df543ce7","contentHash":"88209d28ef2873741756beab01797b2b6f890da8da377c4e69a70f9453e611e2"}}